2021-07-19 19:07:34 INFO  OrdinaryConnectionPool - Connection pool was initialized
2021-07-19 19:07:34 INFO  OrdinaryConnectionPool - Free connection was taken by.epam.jwd.web.connectionPool.ProxyConnection@1eba372c
2021-07-19 19:07:34 INFO  OrdinaryConnectionPool - Taken connection was returned by.epam.jwd.web.connectionPool.ProxyConnection@1eba372c
2021-07-19 19:07:34 INFO  OrdinaryConnectionPool - Free connection was taken by.epam.jwd.web.connectionPool.ProxyConnection@41200e0c
2021-07-19 19:07:34 INFO  OrdinaryConnectionPool - Taken connection was returned by.epam.jwd.web.connectionPool.ProxyConnection@41200e0c
2021-07-19 19:07:34 INFO  OrdinaryConnectionPool - Free connection was taken by.epam.jwd.web.connectionPool.ProxyConnection@24be2d9c
2021-07-19 19:07:34 INFO  OrdinaryConnectionPool - Taken connection was returned by.epam.jwd.web.connectionPool.ProxyConnection@24be2d9c
2021-07-19 19:07:34 INFO  OrdinaryConnectionPool - Free connection was taken by.epam.jwd.web.connectionPool.ProxyConnection@aec50a1
2021-07-19 19:07:34 INFO  OrdinaryConnectionPool - Taken connection was returned by.epam.jwd.web.connectionPool.ProxyConnection@aec50a1
2021-07-19 19:07:34 INFO  OrdinaryConnectionPool - Free connection was taken by.epam.jwd.web.connectionPool.ProxyConnection@7a0e1b5e
2021-07-19 19:07:35 INFO  OrdinaryConnectionPool - Taken connection was returned by.epam.jwd.web.connectionPool.ProxyConnection@7a0e1b5e
2021-07-19 19:07:35 INFO  OrdinaryConnectionPool - Free connection was taken by.epam.jwd.web.connectionPool.ProxyConnection@5d8445d7
2021-07-19 19:07:35 INFO  OrdinaryConnectionPool - Taken connection was returned by.epam.jwd.web.connectionPool.ProxyConnection@5d8445d7
2021-07-19 19:07:35 INFO  OrdinaryConnectionPool - Free connection was taken by.epam.jwd.web.connectionPool.ProxyConnection@384fc774
2021-07-19 19:07:35 INFO  OrdinaryConnectionPool - Check connection pool state. Free connections = 9, taken connections = 1, total connections amount = 10
2021-07-19 19:07:35 INFO  OrdinaryConnectionPool - Taken connection was returned by.epam.jwd.web.connectionPool.ProxyConnection@384fc774
2021-07-19 19:07:35 INFO  OrdinaryConnectionPool - Free connection was taken by.epam.jwd.web.connectionPool.ProxyConnection@6b9267b
2021-07-19 19:07:35 INFO  OrdinaryConnectionPool - Taken connection was returned by.epam.jwd.web.connectionPool.ProxyConnection@6b9267b
2021-07-19 19:07:35 INFO  OrdinaryConnectionPool - Free connection was taken by.epam.jwd.web.connectionPool.ProxyConnection@29ad44e3
2021-07-19 19:07:35 INFO  OrdinaryConnectionPool - Taken connection was returned by.epam.jwd.web.connectionPool.ProxyConnection@29ad44e3
2021-07-19 19:07:35 INFO  OrdinaryConnectionPool - Free connection was taken by.epam.jwd.web.connectionPool.ProxyConnection@5af9926a
2021-07-19 19:07:35 INFO  OrdinaryConnectionPool - Taken connection was returned by.epam.jwd.web.connectionPool.ProxyConnection@5af9926a
2021-07-19 19:07:35 INFO  OrdinaryConnectionPool - Free connection was taken by.epam.jwd.web.connectionPool.ProxyConnection@1eba372c
2021-07-19 19:07:35 INFO  OrdinaryConnectionPool - Taken connection was returned by.epam.jwd.web.connectionPool.ProxyConnection@1eba372c
2021-07-19 19:07:35 INFO  OrdinaryConnectionPool - Free connection was taken by.epam.jwd.web.connectionPool.ProxyConnection@41200e0c
2021-07-19 19:07:35 INFO  OrdinaryConnectionPool - Taken connection was returned by.epam.jwd.web.connectionPool.ProxyConnection@41200e0c
2021-07-19 19:07:35 INFO  OrdinaryConnectionPool - Free connection was taken by.epam.jwd.web.connectionPool.ProxyConnection@24be2d9c
2021-07-19 19:07:35 INFO  OrdinaryConnectionPool - Taken connection was returned by.epam.jwd.web.connectionPool.ProxyConnection@24be2d9c
2021-07-19 19:07:35 INFO  OrdinaryConnectionPool - Free connection was taken by.epam.jwd.web.connectionPool.ProxyConnection@aec50a1
2021-07-19 19:07:35 INFO  OrdinaryConnectionPool - Taken connection was returned by.epam.jwd.web.connectionPool.ProxyConnection@aec50a1
2021-07-19 19:07:35 INFO  OrdinaryConnectionPool - Free connection was taken by.epam.jwd.web.connectionPool.ProxyConnection@7a0e1b5e
2021-07-19 19:07:35 INFO  OrdinaryConnectionPool - Taken connection was returned by.epam.jwd.web.connectionPool.ProxyConnection@7a0e1b5e
2021-07-19 19:07:36 INFO  OrdinaryConnectionPool - Free connection was taken by.epam.jwd.web.connectionPool.ProxyConnection@5d8445d7
2021-07-19 19:07:36 INFO  OrdinaryConnectionPool - Taken connection was returned by.epam.jwd.web.connectionPool.ProxyConnection@5d8445d7
2021-07-19 19:07:36 INFO  OrdinaryConnectionPool - Free connection was taken by.epam.jwd.web.connectionPool.ProxyConnection@384fc774
2021-07-19 19:07:36 INFO  OrdinaryConnectionPool - Taken connection was returned by.epam.jwd.web.connectionPool.ProxyConnection@384fc774
2021-07-19 19:07:36 INFO  OrdinaryConnectionPool - Free connection was taken by.epam.jwd.web.connectionPool.ProxyConnection@6b9267b
2021-07-19 19:07:36 INFO  OrdinaryConnectionPool - Taken connection was returned by.epam.jwd.web.connectionPool.ProxyConnection@6b9267b
2021-07-19 19:07:36 INFO  OrdinaryConnectionPool - Free connection was taken by.epam.jwd.web.connectionPool.ProxyConnection@29ad44e3
2021-07-19 19:07:36 INFO  OrdinaryConnectionPool - Taken connection was returned by.epam.jwd.web.connectionPool.ProxyConnection@29ad44e3
2021-07-19 19:07:36 INFO  OrdinaryConnectionPool - Free connection was taken by.epam.jwd.web.connectionPool.ProxyConnection@5af9926a
2021-07-19 19:07:36 INFO  OrdinaryConnectionPool - Taken connection was returned by.epam.jwd.web.connectionPool.ProxyConnection@5af9926a
2021-07-19 19:07:36 INFO  OrdinaryConnectionPool - Free connection was taken by.epam.jwd.web.connectionPool.ProxyConnection@1eba372c
2021-07-19 19:07:36 INFO  OrdinaryConnectionPool - Taken connection was returned by.epam.jwd.web.connectionPool.ProxyConnection@1eba372c
2021-07-19 19:07:36 INFO  OrdinaryConnectionPool - Free connection was taken by.epam.jwd.web.connectionPool.ProxyConnection@41200e0c
2021-07-19 19:07:36 INFO  OrdinaryConnectionPool - Taken connection was returned by.epam.jwd.web.connectionPool.ProxyConnection@41200e0c
2021-07-19 19:07:36 INFO  OrdinaryConnectionPool - Free connection was taken by.epam.jwd.web.connectionPool.ProxyConnection@24be2d9c
2021-07-19 19:07:36 INFO  OrdinaryConnectionPool - Taken connection was returned by.epam.jwd.web.connectionPool.ProxyConnection@24be2d9c
2021-07-19 19:07:36 INFO  OrdinaryConnectionPool - Free connection was taken by.epam.jwd.web.connectionPool.ProxyConnection@aec50a1
2021-07-19 19:07:36 INFO  OrdinaryConnectionPool - Taken connection was returned by.epam.jwd.web.connectionPool.ProxyConnection@aec50a1
2021-07-19 19:07:36 INFO  OrdinaryConnectionPool - Free connection was taken by.epam.jwd.web.connectionPool.ProxyConnection@7a0e1b5e
2021-07-19 19:07:36 INFO  OrdinaryConnectionPool - Taken connection was returned by.epam.jwd.web.connectionPool.ProxyConnection@7a0e1b5e
2021-07-19 19:07:36 INFO  OrdinaryConnectionPool - Free connection was taken by.epam.jwd.web.connectionPool.ProxyConnection@5d8445d7
2021-07-19 19:07:36 INFO  OrdinaryConnectionPool - Taken connection was returned by.epam.jwd.web.connectionPool.ProxyConnection@5d8445d7
2021-07-19 19:07:36 INFO  OrdinaryConnectionPool - Free connection was taken by.epam.jwd.web.connectionPool.ProxyConnection@384fc774
2021-07-19 19:07:36 INFO  OrdinaryConnectionPool - Taken connection was returned by.epam.jwd.web.connectionPool.ProxyConnection@384fc774
2021-07-19 19:07:36 INFO  OrdinaryConnectionPool - Free connection was taken by.epam.jwd.web.connectionPool.ProxyConnection@6b9267b
2021-07-19 19:07:36 INFO  OrdinaryConnectionPool - Taken connection was returned by.epam.jwd.web.connectionPool.ProxyConnection@6b9267b
2021-07-19 19:07:36 INFO  OrdinaryConnectionPool - Free connection was taken by.epam.jwd.web.connectionPool.ProxyConnection@29ad44e3
2021-07-19 19:07:36 INFO  OrdinaryConnectionPool - Taken connection was returned by.epam.jwd.web.connectionPool.ProxyConnection@29ad44e3
2021-07-19 19:07:36 INFO  OrdinaryConnectionPool - Free connection was taken by.epam.jwd.web.connectionPool.ProxyConnection@5af9926a
2021-07-19 19:07:36 INFO  OrdinaryConnectionPool - Taken connection was returned by.epam.jwd.web.connectionPool.ProxyConnection@5af9926a
2021-07-19 19:07:36 INFO  OrdinaryConnectionPool - Free connection was taken by.epam.jwd.web.connectionPool.ProxyConnection@1eba372c
2021-07-19 19:07:37 INFO  OrdinaryConnectionPool - Taken connection was returned by.epam.jwd.web.connectionPool.ProxyConnection@1eba372c
2021-07-19 19:07:37 INFO  OrdinaryConnectionPool - Free connection was taken by.epam.jwd.web.connectionPool.ProxyConnection@41200e0c
2021-07-19 19:07:37 INFO  OrdinaryConnectionPool - Taken connection was returned by.epam.jwd.web.connectionPool.ProxyConnection@41200e0c
2021-07-19 19:07:37 INFO  OrdinaryConnectionPool - Free connection was taken by.epam.jwd.web.connectionPool.ProxyConnection@24be2d9c
2021-07-19 19:07:37 INFO  OrdinaryConnectionPool - Taken connection was returned by.epam.jwd.web.connectionPool.ProxyConnection@24be2d9c
2021-07-19 19:07:37 INFO  OrdinaryConnectionPool - Free connection was taken by.epam.jwd.web.connectionPool.ProxyConnection@aec50a1
2021-07-19 19:07:37 INFO  OrdinaryConnectionPool - Taken connection was returned by.epam.jwd.web.connectionPool.ProxyConnection@aec50a1
2021-07-19 19:07:37 INFO  OrdinaryConnectionPool - Free connection was taken by.epam.jwd.web.connectionPool.ProxyConnection@7a0e1b5e
2021-07-19 19:07:37 INFO  OrdinaryConnectionPool - Taken connection was returned by.epam.jwd.web.connectionPool.ProxyConnection@7a0e1b5e
2021-07-19 19:07:37 INFO  OrdinaryConnectionPool - Free connection was taken by.epam.jwd.web.connectionPool.ProxyConnection@5d8445d7
2021-07-19 19:07:37 INFO  OrdinaryConnectionPool - Taken connection was returned by.epam.jwd.web.connectionPool.ProxyConnection@5d8445d7
2021-07-19 19:07:37 INFO  OrdinaryConnectionPool - Free connection was taken by.epam.jwd.web.connectionPool.ProxyConnection@384fc774
2021-07-19 19:07:37 INFO  OrdinaryConnectionPool - Taken connection was returned by.epam.jwd.web.connectionPool.ProxyConnection@384fc774
2021-07-19 19:07:37 INFO  OrdinaryConnectionPool - Free connection was taken by.epam.jwd.web.connectionPool.ProxyConnection@6b9267b
2021-07-19 19:07:37 INFO  OrdinaryConnectionPool - Taken connection was returned by.epam.jwd.web.connectionPool.ProxyConnection@6b9267b
2021-07-19 19:07:37 INFO  OrdinaryConnectionPool - Free connection was taken by.epam.jwd.web.connectionPool.ProxyConnection@29ad44e3
2021-07-19 19:07:37 INFO  OrdinaryConnectionPool - Taken connection was returned by.epam.jwd.web.connectionPool.ProxyConnection@29ad44e3
2021-07-19 19:07:37 INFO  OrdinaryConnectionPool - Free connection was taken by.epam.jwd.web.connectionPool.ProxyConnection@5af9926a
2021-07-19 19:07:37 INFO  OrdinaryConnectionPool - Taken connection was returned by.epam.jwd.web.connectionPool.ProxyConnection@5af9926a
2021-07-19 19:07:37 INFO  OrdinaryConnectionPool - Free connection was taken by.epam.jwd.web.connectionPool.ProxyConnection@1eba372c
2021-07-19 19:07:37 INFO  OrdinaryConnectionPool - Taken connection was returned by.epam.jwd.web.connectionPool.ProxyConnection@1eba372c
2021-07-19 19:07:37 INFO  OrdinaryConnectionPool - Free connection was taken by.epam.jwd.web.connectionPool.ProxyConnection@41200e0c
2021-07-19 19:07:37 INFO  OrdinaryConnectionPool - Taken connection was returned by.epam.jwd.web.connectionPool.ProxyConnection@41200e0c
2021-07-19 19:07:37 INFO  OrdinaryConnectionPool - Free connection was taken by.epam.jwd.web.connectionPool.ProxyConnection@24be2d9c
2021-07-19 19:07:37 INFO  OrdinaryConnectionPool - Taken connection was returned by.epam.jwd.web.connectionPool.ProxyConnection@24be2d9c
2021-07-19 19:07:37 INFO  OrdinaryConnectionPool - Free connection was taken by.epam.jwd.web.connectionPool.ProxyConnection@aec50a1
2021-07-19 19:07:38 INFO  OrdinaryConnectionPool - Taken connection was returned by.epam.jwd.web.connectionPool.ProxyConnection@aec50a1
2021-07-19 19:07:38 INFO  OrdinaryConnectionPool - Free connection was taken by.epam.jwd.web.connectionPool.ProxyConnection@7a0e1b5e
2021-07-19 19:07:38 INFO  OrdinaryConnectionPool - Taken connection was returned by.epam.jwd.web.connectionPool.ProxyConnection@7a0e1b5e
2021-07-19 19:07:38 INFO  OrdinaryConnectionPool - Free connection was taken by.epam.jwd.web.connectionPool.ProxyConnection@5d8445d7
2021-07-19 19:07:38 INFO  OrdinaryConnectionPool - Taken connection was returned by.epam.jwd.web.connectionPool.ProxyConnection@5d8445d7
2021-07-19 19:07:38 INFO  OrdinaryConnectionPool - Free connection was taken by.epam.jwd.web.connectionPool.ProxyConnection@384fc774
2021-07-19 19:07:38 INFO  OrdinaryConnectionPool - Taken connection was returned by.epam.jwd.web.connectionPool.ProxyConnection@384fc774
2021-07-19 19:07:38 INFO  OrdinaryConnectionPool - Free connection was taken by.epam.jwd.web.connectionPool.ProxyConnection@6b9267b
2021-07-19 19:07:38 INFO  OrdinaryConnectionPool - Taken connection was returned by.epam.jwd.web.connectionPool.ProxyConnection@6b9267b
2021-07-19 19:07:38 INFO  OrdinaryConnectionPool - Free connection was taken by.epam.jwd.web.connectionPool.ProxyConnection@29ad44e3
2021-07-19 19:07:38 INFO  OrdinaryConnectionPool - Taken connection was returned by.epam.jwd.web.connectionPool.ProxyConnection@29ad44e3
2021-07-19 19:07:38 INFO  OrdinaryConnectionPool - Free connection was taken by.epam.jwd.web.connectionPool.ProxyConnection@5af9926a
2021-07-19 19:07:38 INFO  OrdinaryConnectionPool - Taken connection was returned by.epam.jwd.web.connectionPool.ProxyConnection@5af9926a
2021-07-19 19:07:38 INFO  OrdinaryConnectionPool - Free connection was taken by.epam.jwd.web.connectionPool.ProxyConnection@1eba372c
2021-07-19 19:07:38 INFO  OrdinaryConnectionPool - Taken connection was returned by.epam.jwd.web.connectionPool.ProxyConnection@1eba372c
2021-07-19 19:07:38 INFO  OrdinaryConnectionPool - Free connection was taken by.epam.jwd.web.connectionPool.ProxyConnection@41200e0c
2021-07-19 19:07:38 INFO  OrdinaryConnectionPool - Taken connection was returned by.epam.jwd.web.connectionPool.ProxyConnection@41200e0c
2021-07-19 19:07:38 INFO  OrdinaryConnectionPool - Free connection was taken by.epam.jwd.web.connectionPool.ProxyConnection@24be2d9c
2021-07-19 19:07:38 INFO  OrdinaryConnectionPool - Taken connection was returned by.epam.jwd.web.connectionPool.ProxyConnection@24be2d9c
2021-07-19 19:07:38 INFO  OrdinaryConnectionPool - Free connection was taken by.epam.jwd.web.connectionPool.ProxyConnection@aec50a1
2021-07-19 19:07:38 INFO  OrdinaryConnectionPool - Taken connection was returned by.epam.jwd.web.connectionPool.ProxyConnection@aec50a1
2021-07-19 19:07:38 INFO  OrdinaryConnectionPool - Free connection was taken by.epam.jwd.web.connectionPool.ProxyConnection@7a0e1b5e
2021-07-19 19:07:38 INFO  OrdinaryConnectionPool - Taken connection was returned by.epam.jwd.web.connectionPool.ProxyConnection@7a0e1b5e
2021-07-19 19:07:38 INFO  OrdinaryConnectionPool - Free connection was taken by.epam.jwd.web.connectionPool.ProxyConnection@5d8445d7
2021-07-19 19:07:38 INFO  OrdinaryConnectionPool - Taken connection was returned by.epam.jwd.web.connectionPool.ProxyConnection@5d8445d7
2021-07-19 19:07:38 INFO  OrdinaryConnectionPool - Free connection was taken by.epam.jwd.web.connectionPool.ProxyConnection@384fc774
2021-07-19 19:07:38 INFO  OrdinaryConnectionPool - Taken connection was returned by.epam.jwd.web.connectionPool.ProxyConnection@384fc774
2021-07-19 19:07:38 INFO  OrdinaryConnectionPool - Free connection was taken by.epam.jwd.web.connectionPool.ProxyConnection@6b9267b
2021-07-19 19:07:39 INFO  OrdinaryConnectionPool - Taken connection was returned by.epam.jwd.web.connectionPool.ProxyConnection@6b9267b
2021-07-19 19:07:39 INFO  OrdinaryConnectionPool - Free connection was taken by.epam.jwd.web.connectionPool.ProxyConnection@29ad44e3
2021-07-19 19:07:39 INFO  OrdinaryConnectionPool - Taken connection was returned by.epam.jwd.web.connectionPool.ProxyConnection@29ad44e3
2021-07-19 19:07:39 INFO  OrdinaryConnectionPool - Free connection was taken by.epam.jwd.web.connectionPool.ProxyConnection@5af9926a
2021-07-19 19:07:39 INFO  OrdinaryConnectionPool - Taken connection was returned by.epam.jwd.web.connectionPool.ProxyConnection@5af9926a
2021-07-19 19:07:39 INFO  OrdinaryConnectionPool - Free connection was taken by.epam.jwd.web.connectionPool.ProxyConnection@1eba372c
2021-07-19 19:07:39 INFO  OrdinaryConnectionPool - Taken connection was returned by.epam.jwd.web.connectionPool.ProxyConnection@1eba372c
2021-07-19 19:07:39 INFO  OrdinaryConnectionPool - Free connection was taken by.epam.jwd.web.connectionPool.ProxyConnection@41200e0c
2021-07-19 19:07:39 INFO  OrdinaryConnectionPool - Taken connection was returned by.epam.jwd.web.connectionPool.ProxyConnection@41200e0c
2021-07-19 19:07:39 INFO  OrdinaryConnectionPool - Free connection was taken by.epam.jwd.web.connectionPool.ProxyConnection@24be2d9c
2021-07-19 19:07:39 INFO  OrdinaryConnectionPool - Taken connection was returned by.epam.jwd.web.connectionPool.ProxyConnection@24be2d9c
2021-07-19 19:07:39 INFO  OrdinaryConnectionPool - Free connection was taken by.epam.jwd.web.connectionPool.ProxyConnection@aec50a1
2021-07-19 19:07:39 INFO  OrdinaryConnectionPool - Taken connection was returned by.epam.jwd.web.connectionPool.ProxyConnection@aec50a1
2021-07-19 19:07:39 INFO  OrdinaryConnectionPool - Free connection was taken by.epam.jwd.web.connectionPool.ProxyConnection@7a0e1b5e
2021-07-19 19:07:39 INFO  OrdinaryConnectionPool - Taken connection was returned by.epam.jwd.web.connectionPool.ProxyConnection@7a0e1b5e
2021-07-19 19:07:39 INFO  OrdinaryConnectionPool - Free connection was taken by.epam.jwd.web.connectionPool.ProxyConnection@5d8445d7
2021-07-19 19:07:40 INFO  OrdinaryConnectionPool - Taken connection was returned by.epam.jwd.web.connectionPool.ProxyConnection@5d8445d7
2021-07-19 19:07:40 INFO  OrdinaryConnectionPool - Free connection was taken by.epam.jwd.web.connectionPool.ProxyConnection@384fc774
2021-07-19 19:07:40 INFO  OrdinaryConnectionPool - Taken connection was returned by.epam.jwd.web.connectionPool.ProxyConnection@384fc774
2021-07-19 19:07:40 INFO  OrdinaryConnectionPool - Free connection was taken by.epam.jwd.web.connectionPool.ProxyConnection@6b9267b
2021-07-19 19:07:40 INFO  OrdinaryConnectionPool - Taken connection was returned by.epam.jwd.web.connectionPool.ProxyConnection@6b9267b
2021-07-19 19:07:40 INFO  OrdinaryConnectionPool - Free connection was taken by.epam.jwd.web.connectionPool.ProxyConnection@29ad44e3
2021-07-19 19:07:40 INFO  OrdinaryConnectionPool - Check connection pool state. Free connections = 9, taken connections = 1, total connections amount = 10
2021-07-19 19:07:40 INFO  OrdinaryConnectionPool - Taken connection was returned by.epam.jwd.web.connectionPool.ProxyConnection@29ad44e3
2021-07-19 19:07:40 INFO  OrdinaryConnectionPool - Free connection was taken by.epam.jwd.web.connectionPool.ProxyConnection@5af9926a
2021-07-19 19:07:40 INFO  OrdinaryConnectionPool - Taken connection was returned by.epam.jwd.web.connectionPool.ProxyConnection@5af9926a
2021-07-19 19:07:40 INFO  OrdinaryConnectionPool - Free connection was taken by.epam.jwd.web.connectionPool.ProxyConnection@1eba372c
2021-07-19 19:07:40 INFO  OrdinaryConnectionPool - Taken connection was returned by.epam.jwd.web.connectionPool.ProxyConnection@1eba372c
2021-07-19 19:07:40 INFO  OrdinaryConnectionPool - Free connection was taken by.epam.jwd.web.connectionPool.ProxyConnection@41200e0c
2021-07-19 19:07:40 INFO  OrdinaryConnectionPool - Taken connection was returned by.epam.jwd.web.connectionPool.ProxyConnection@41200e0c
2021-07-19 19:07:40 INFO  OrdinaryConnectionPool - Free connection was taken by.epam.jwd.web.connectionPool.ProxyConnection@24be2d9c
2021-07-19 19:07:40 INFO  OrdinaryConnectionPool - Taken connection was returned by.epam.jwd.web.connectionPool.ProxyConnection@24be2d9c
2021-07-19 19:07:40 INFO  OrdinaryConnectionPool - Free connection was taken by.epam.jwd.web.connectionPool.ProxyConnection@aec50a1
2021-07-19 19:07:40 INFO  OrdinaryConnectionPool - Taken connection was returned by.epam.jwd.web.connectionPool.ProxyConnection@aec50a1
2021-07-19 19:07:40 INFO  OrdinaryConnectionPool - Free connection was taken by.epam.jwd.web.connectionPool.ProxyConnection@7a0e1b5e
2021-07-19 19:07:40 INFO  OrdinaryConnectionPool - Taken connection was returned by.epam.jwd.web.connectionPool.ProxyConnection@7a0e1b5e
2021-07-19 19:07:40 INFO  OrdinaryConnectionPool - Free connection was taken by.epam.jwd.web.connectionPool.ProxyConnection@5d8445d7
2021-07-19 19:07:40 INFO  OrdinaryConnectionPool - Taken connection was returned by.epam.jwd.web.connectionPool.ProxyConnection@5d8445d7
2021-07-19 19:07:40 INFO  OrdinaryConnectionPool - Free connection was taken by.epam.jwd.web.connectionPool.ProxyConnection@384fc774
2021-07-19 19:07:40 INFO  OrdinaryConnectionPool - Taken connection was returned by.epam.jwd.web.connectionPool.ProxyConnection@384fc774
2021-07-19 19:07:40 INFO  OrdinaryConnectionPool - Free connection was taken by.epam.jwd.web.connectionPool.ProxyConnection@6b9267b
2021-07-19 19:07:40 INFO  OrdinaryConnectionPool - Taken connection was returned by.epam.jwd.web.connectionPool.ProxyConnection@6b9267b
2021-07-19 19:07:40 INFO  OrdinaryConnectionPool - Free connection was taken by.epam.jwd.web.connectionPool.ProxyConnection@29ad44e3
2021-07-19 19:07:41 INFO  OrdinaryConnectionPool - Taken connection was returned by.epam.jwd.web.connectionPool.ProxyConnection@29ad44e3
2021-07-19 19:07:41 INFO  OrdinaryConnectionPool - Free connection was taken by.epam.jwd.web.connectionPool.ProxyConnection@5af9926a
2021-07-19 19:07:41 INFO  OrdinaryConnectionPool - Taken connection was returned by.epam.jwd.web.connectionPool.ProxyConnection@5af9926a
2021-07-19 19:07:41 INFO  OrdinaryConnectionPool - Free connection was taken by.epam.jwd.web.connectionPool.ProxyConnection@1eba372c
2021-07-19 19:07:41 INFO  OrdinaryConnectionPool - Taken connection was returned by.epam.jwd.web.connectionPool.ProxyConnection@1eba372c
2021-07-19 19:07:41 INFO  OrdinaryConnectionPool - Free connection was taken by.epam.jwd.web.connectionPool.ProxyConnection@41200e0c
2021-07-19 19:07:41 INFO  OrdinaryConnectionPool - Taken connection was returned by.epam.jwd.web.connectionPool.ProxyConnection@41200e0c
2021-07-19 19:07:41 INFO  OrdinaryConnectionPool - Free connection was taken by.epam.jwd.web.connectionPool.ProxyConnection@24be2d9c
2021-07-19 19:07:41 INFO  OrdinaryConnectionPool - Taken connection was returned by.epam.jwd.web.connectionPool.ProxyConnection@24be2d9c
2021-07-19 19:07:41 INFO  OrdinaryConnectionPool - Free connection was taken by.epam.jwd.web.connectionPool.ProxyConnection@aec50a1
2021-07-19 19:07:41 INFO  OrdinaryConnectionPool - Taken connection was returned by.epam.jwd.web.connectionPool.ProxyConnection@aec50a1
2021-07-19 19:07:41 INFO  OrdinaryConnectionPool - Free connection was taken by.epam.jwd.web.connectionPool.ProxyConnection@7a0e1b5e
2021-07-19 19:07:41 INFO  OrdinaryConnectionPool - Taken connection was returned by.epam.jwd.web.connectionPool.ProxyConnection@7a0e1b5e
2021-07-19 19:07:41 INFO  OrdinaryConnectionPool - Free connection was taken by.epam.jwd.web.connectionPool.ProxyConnection@5d8445d7
2021-07-19 19:07:41 INFO  OrdinaryConnectionPool - Taken connection was returned by.epam.jwd.web.connectionPool.ProxyConnection@5d8445d7
2021-07-19 19:07:41 INFO  OrdinaryConnectionPool - Free connection was taken by.epam.jwd.web.connectionPool.ProxyConnection@384fc774
2021-07-19 19:07:41 INFO  OrdinaryConnectionPool - Taken connection was returned by.epam.jwd.web.connectionPool.ProxyConnection@384fc774
2021-07-19 19:07:41 INFO  OrdinaryConnectionPool - Free connection was taken by.epam.jwd.web.connectionPool.ProxyConnection@6b9267b
2021-07-19 19:07:41 INFO  OrdinaryConnectionPool - Taken connection was returned by.epam.jwd.web.connectionPool.ProxyConnection@6b9267b
2021-07-19 19:07:41 INFO  OrdinaryConnectionPool - Free connection was taken by.epam.jwd.web.connectionPool.ProxyConnection@29ad44e3
2021-07-19 19:07:41 INFO  OrdinaryConnectionPool - Taken connection was returned by.epam.jwd.web.connectionPool.ProxyConnection@29ad44e3
2021-07-19 19:07:41 INFO  OrdinaryConnectionPool - Free connection was taken by.epam.jwd.web.connectionPool.ProxyConnection@5af9926a
2021-07-19 19:07:41 INFO  OrdinaryConnectionPool - Taken connection was returned by.epam.jwd.web.connectionPool.ProxyConnection@5af9926a
2021-07-19 19:07:41 INFO  OrdinaryConnectionPool - Free connection was taken by.epam.jwd.web.connectionPool.ProxyConnection@1eba372c
2021-07-19 19:07:41 INFO  OrdinaryConnectionPool - Taken connection was returned by.epam.jwd.web.connectionPool.ProxyConnection@1eba372c
2021-07-19 19:07:41 INFO  OrdinaryConnectionPool - Free connection was taken by.epam.jwd.web.connectionPool.ProxyConnection@41200e0c
2021-07-19 19:07:41 INFO  OrdinaryConnectionPool - Taken connection was returned by.epam.jwd.web.connectionPool.ProxyConnection@41200e0c
2021-07-19 19:07:41 INFO  OrdinaryConnectionPool - Free connection was taken by.epam.jwd.web.connectionPool.ProxyConnection@24be2d9c
2021-07-19 19:07:41 INFO  OrdinaryConnectionPool - Taken connection was returned by.epam.jwd.web.connectionPool.ProxyConnection@24be2d9c
2021-07-19 19:07:41 INFO  OrdinaryConnectionPool - Free connection was taken by.epam.jwd.web.connectionPool.ProxyConnection@aec50a1
2021-07-19 19:07:41 INFO  OrdinaryConnectionPool - Taken connection was returned by.epam.jwd.web.connectionPool.ProxyConnection@aec50a1
2021-07-19 19:07:41 INFO  OrdinaryConnectionPool - Free connection was taken by.epam.jwd.web.connectionPool.ProxyConnection@7a0e1b5e
2021-07-19 19:07:41 INFO  OrdinaryConnectionPool - Taken connection was returned by.epam.jwd.web.connectionPool.ProxyConnection@7a0e1b5e
2021-07-19 19:07:41 INFO  OrdinaryConnectionPool - Free connection was taken by.epam.jwd.web.connectionPool.ProxyConnection@5d8445d7
2021-07-19 19:07:41 INFO  OrdinaryConnectionPool - Taken connection was returned by.epam.jwd.web.connectionPool.ProxyConnection@5d8445d7
2021-07-19 19:07:41 INFO  OrdinaryConnectionPool - Free connection was taken by.epam.jwd.web.connectionPool.ProxyConnection@384fc774
2021-07-19 19:07:41 INFO  OrdinaryConnectionPool - Taken connection was returned by.epam.jwd.web.connectionPool.ProxyConnection@384fc774
2021-07-19 19:07:41 INFO  OrdinaryConnectionPool - Free connection was taken by.epam.jwd.web.connectionPool.ProxyConnection@6b9267b
2021-07-19 19:07:41 INFO  OrdinaryConnectionPool - Taken connection was returned by.epam.jwd.web.connectionPool.ProxyConnection@6b9267b
2021-07-19 19:07:41 INFO  OrdinaryConnectionPool - Free connection was taken by.epam.jwd.web.connectionPool.ProxyConnection@29ad44e3
2021-07-19 19:07:41 INFO  OrdinaryConnectionPool - Taken connection was returned by.epam.jwd.web.connectionPool.ProxyConnection@29ad44e3
2021-07-19 19:07:41 INFO  OrdinaryConnectionPool - Free connection was taken by.epam.jwd.web.connectionPool.ProxyConnection@5af9926a
2021-07-19 19:07:41 INFO  OrdinaryConnectionPool - Taken connection was returned by.epam.jwd.web.connectionPool.ProxyConnection@5af9926a
2021-07-19 19:07:41 INFO  OrdinaryConnectionPool - Free connection was taken by.epam.jwd.web.connectionPool.ProxyConnection@1eba372c
2021-07-19 19:07:42 INFO  OrdinaryConnectionPool - Taken connection was returned by.epam.jwd.web.connectionPool.ProxyConnection@1eba372c
2021-07-19 19:07:42 INFO  OrdinaryConnectionPool - Connection pool was destroyed
