2021-07-20 21:23:06 INFO  AbstractDao - Entities by prepared sql was found select user.id, user.login, user.password, role.id, role.name, subscription.id, subscription.start_date, subscription.end_date from user
inner join role on user.role_id = role.id left join subscription on user.subscription_id = subscription.id where user.id = ?
2021-07-20 21:23:06 INFO  AbstractDao - Entity LibraryUser{id=null, login='123', password='$2a$04$66NxwLQ4600GQoLiXVlXqeXv4p1WqpCZH4dWQRe1PX8u.YmlAU4rC', role=READER, userSubscription=null} was saved
2021-07-20 21:23:06 INFO  AbstractDao - Entities by prepared sql was found select user.id, user.login, user.password, role.id, role.name, subscription.id, subscription.start_date, subscription.end_date from user
inner join role on user.role_id = role.id left join subscription on user.subscription_id = subscription.id where user.login = ?
2021-07-20 21:23:07 INFO  AbstractDao - Entity with id 457 was deleted
2021-07-20 21:23:08 INFO  AbstractDao - Entities by prepared sql was found select user.id, user.login, user.password, role.id, role.name, subscription.id, subscription.start_date, subscription.end_date from user
inner join role on user.role_id = role.id left join subscription on user.subscription_id = subscription.id where user.id = ?
2021-07-20 21:23:08 INFO  AbstractDao - Entity LibraryUser{id=null, login='123', password='$2a$04$LAQ/ubak9j0go47HG/4saujdlcmR8QXhmpBcL2zPsmJxSGGCZJXym', role=READER, userSubscription=null} was saved
2021-07-20 21:23:09 INFO  AbstractDao - Entity LibraryUser{id=458, login='123', password='$2a$04$LAQ/ubak9j0go47HG/4saujdlcmR8QXhmpBcL2zPsmJxSGGCZJXym', role=READER, userSubscription=null} was updated
2021-07-20 21:23:09 INFO  AbstractDao - Entities by prepared sql was found select user.id, user.login, user.password, role.id, role.name, subscription.id, subscription.start_date, subscription.end_date from user
inner join role on user.role_id = role.id left join subscription on user.subscription_id = subscription.id where user.id = ?
2021-07-20 21:23:09 INFO  AbstractDao - Entity with id 458 was deleted
2021-07-20 21:23:10 INFO  AbstractDao - Entities by prepared sql was found select user.id, user.login, user.password, role.id, role.name, subscription.id, subscription.start_date, subscription.end_date from user
inner join role on user.role_id = role.id left join subscription on user.subscription_id = subscription.id where user.id = ?
2021-07-20 21:23:10 INFO  AbstractDao - Entity LibraryUser{id=null, login='123', password='$2a$04$wnBEuluVGivd2p0rbXOTP.g8bwj/mWquV//dig0cceMjTv0qRtqpO', role=READER, userSubscription=null} was saved
2021-07-20 21:23:10 INFO  AbstractDao - Entities by prepared sql was found select user.id, user.login, user.password, role.id, role.name, subscription.id, subscription.start_date, subscription.end_date from user
inner join role on user.role_id = role.id left join subscription on user.subscription_id = subscription.id where user.login = ?
2021-07-20 21:23:10 INFO  AbstractDao - Entity with id 459 was deleted
2021-07-20 21:23:10 INFO  AbstractDao - Entities by prepared sql was found select user.id, user.login, user.password, role.id, role.name, subscription.id, subscription.start_date, subscription.end_date from user
inner join role on user.role_id = role.id left join subscription on user.subscription_id = subscription.id where user.id = ?
2021-07-20 21:23:10 INFO  AbstractDao - Entity LibraryUser{id=null, login='123', password='$2a$04$Bc.Ku7P1TW2ZXRb9mbRu8O57zZ3bJMEFnfQKFI9mEKwL1DzudQPb2', role=READER, userSubscription=null} was saved
2021-07-20 21:23:11 INFO  AbstractDao - All entities was found
2021-07-20 21:23:11 INFO  AbstractDao - Entity with id 460 was deleted
2021-07-20 21:23:11 INFO  AbstractDao - Entities by prepared sql was found select user.id, user.login, user.password, role.id, role.name, subscription.id, subscription.start_date, subscription.end_date from user
inner join role on user.role_id = role.id left join subscription on user.subscription_id = subscription.id where user.id = ?
2021-07-20 21:23:11 INFO  AbstractDao - Entity LibraryUser{id=null, login='123', password='$2a$04$hIEP0fecm3/i8coRtJ8cFeyw/NRGsSWTsdT38SJubsi8ewlivTyc6', role=READER, userSubscription=null} was saved
2021-07-20 21:23:12 INFO  AbstractDao - Entity with id 461 was deleted
2021-07-20 21:23:12 INFO  AbstractDao - Entities by prepared sql was found select user.id, user.login, user.password, role.id, role.name, subscription.id, subscription.start_date, subscription.end_date from user
inner join role on user.role_id = role.id left join subscription on user.subscription_id = subscription.id where user.id = ?
2021-07-20 21:23:12 INFO  AbstractDao - Entity LibraryUser{id=null, login='123', password='$2a$04$zMQNMuy0AYmz6b9Va23Gku.r3bEtLIyoMwOCVLyUrbSMLEKmDovLW', role=READER, userSubscription=null} was saved
2021-07-20 21:23:12 INFO  AbstractDao - Entities by prepared sql was found select user.id, user.login, user.password, role.id, role.name, subscription.id, subscription.start_date, subscription.end_date from user
inner join role on user.role_id = role.id left join subscription on user.subscription_id = subscription.id where user.login = ?
2021-07-20 21:23:12 INFO  AbstractDao - Entity LibraryUser{id=462, login='NEW LOGIN', password='$2a$04$zMQNMuy0AYmz6b9Va23Gku.r3bEtLIyoMwOCVLyUrbSMLEKmDovLW', role=READER, userSubscription=null} was updated
2021-07-20 21:23:13 INFO  AbstractDao - Entity with id 462 was deleted
2021-07-20 21:23:13 INFO  AbstractDao - Entities by prepared sql was found select user.id, user.login, user.password, role.id, role.name, subscription.id, subscription.start_date, subscription.end_date from user
inner join role on user.role_id = role.id left join subscription on user.subscription_id = subscription.id where user.id = ?
2021-07-20 21:23:13 INFO  AbstractDao - Entity LibraryUser{id=null, login='123', password='$2a$04$5prjrZzop46ZmYykGF8wrOwm7YXx73JAxA4WrcqQ9PW6jLm428AFS', role=READER, userSubscription=null} was saved
2021-07-20 21:23:13 INFO  AbstractDao - Entity with id 463 was deleted
2021-07-20 21:23:13 INFO  AbstractDao - Entities by prepared sql was found select user.id, user.login, user.password, role.id, role.name, subscription.id, subscription.start_date, subscription.end_date from user
inner join role on user.role_id = role.id left join subscription on user.subscription_id = subscription.id where user.login = ?
2021-07-20 21:23:13 INFO  AbstractDao - Entity with id 463 was deleted
2021-07-20 21:23:14 INFO  AbstractDao - Entities by prepared sql was found select user.id, user.login, user.password, role.id, role.name, subscription.id, subscription.start_date, subscription.end_date from user
inner join role on user.role_id = role.id left join subscription on user.subscription_id = subscription.id where user.id = ?
2021-07-20 21:23:14 INFO  AbstractDao - Entity LibraryUser{id=null, login='123', password='$2a$04$RnL5YHf8Hk39rI0gKza/JeJPfmhSeKFte/RGlohWFaMfsPB54C7oG', role=READER, userSubscription=null} was saved
2021-07-20 21:23:14 INFO  AbstractDao - Entity LibraryUser{id=464, login='123', password='$2a$04$RnL5YHf8Hk39rI0gKza/JeJPfmhSeKFte/RGlohWFaMfsPB54C7oG', role=LIBRARIAN, userSubscription=null} was updated
2021-07-20 21:23:14 INFO  AbstractDao - Entities by prepared sql was found select user.id, user.login, user.password, role.id, role.name, subscription.id, subscription.start_date, subscription.end_date from user
inner join role on user.role_id = role.id left join subscription on user.subscription_id = subscription.id where user.id = ?
2021-07-20 21:23:15 INFO  AbstractDao - Entity with id 464 was deleted
2021-07-20 21:23:15 INFO  AbstractDao - Entities by prepared sql was found select user.id, user.login, user.password, role.id, role.name, subscription.id, subscription.start_date, subscription.end_date from user
inner join role on user.role_id = role.id left join subscription on user.subscription_id = subscription.id where user.id = ?
2021-07-20 21:23:15 INFO  AbstractDao - Entity LibraryUser{id=null, login='123', password='$2a$04$gkUPFQZziEeTT.9sPxjTqOQLiNyXXTNi.O9VY5I/OWAZkvxAiFbu6', role=READER, userSubscription=null} was saved
2021-07-20 21:23:16 INFO  AbstractDao - Entities by prepared sql was found select subscription.id, subscription.start_date, subscription.end_date from subscription where subscription.id = ?
2021-07-20 21:23:16 INFO  AbstractDao - Entity Subscription{id=null, startDate=2021-07-20, endDate=2021-07-22} was saved
2021-07-20 21:23:16 INFO  AbstractDao - Entity LibraryUser{id=465, login='123', password='$2a$04$gkUPFQZziEeTT.9sPxjTqOQLiNyXXTNi.O9VY5I/OWAZkvxAiFbu6', role=READER, userSubscription=Subscription{id=237, startDate=2021-07-20, endDate=2021-07-22}} was updated
2021-07-20 21:23:16 INFO  AbstractDao - Entities by prepared sql was found select user.id, user.login, user.password, role.id, role.name, subscription.id, subscription.start_date, subscription.end_date from user
inner join role on user.role_id = role.id left join subscription on user.subscription_id = subscription.id where user.id = ?
2021-07-20 21:23:16 INFO  AbstractDao - Entity with id 465 was deleted
2021-07-20 21:23:17 INFO  AbstractDao - Entities by prepared sql was found select user.id, user.login, user.password, role.id, role.name, subscription.id, subscription.start_date, subscription.end_date from user
inner join role on user.role_id = role.id left join subscription on user.subscription_id = subscription.id where user.id = ?
2021-07-20 21:23:17 INFO  AbstractDao - Entity LibraryUser{id=null, login='123', password='$2a$04$eudas71r36/xl8R51gBuNOvh5P/Ry5qphPp8aXBH5baMoIUZBoJCO', role=READER, userSubscription=null} was saved
2021-07-20 21:23:17 INFO  AbstractDao - Entities by prepared sql was found select user.id, user.login, user.password, role.id, role.name, subscription.id, subscription.start_date, subscription.end_date from user
inner join role on user.role_id = role.id left join subscription on user.subscription_id = subscription.id where user.login = ?
2021-07-20 21:23:17 INFO  AbstractDao - Entity with id 466 was deleted
2021-07-20 21:23:17 INFO  AbstractDao - Entities by prepared sql was found select user.id, user.login, user.password, role.id, role.name, subscription.id, subscription.start_date, subscription.end_date from user
inner join role on user.role_id = role.id left join subscription on user.subscription_id = subscription.id where user.id = ?
2021-07-20 21:23:17 INFO  AbstractDao - Entity LibraryUser{id=null, login='123', password='$2a$04$NVDwhjfZW/7i5hOB/1oxFOoZg31L1Y0tAMjJhPdob7A7er3jh7k/m', role=READER, userSubscription=null} was saved
2021-07-20 21:23:17 INFO  AbstractDao - Entities by prepared sql was found select user.id, user.login, user.password, role.id, role.name, subscription.id, subscription.start_date, subscription.end_date from user
inner join role on user.role_id = role.id left join subscription on user.subscription_id = subscription.id where user.id = ?
2021-07-20 21:23:18 INFO  AbstractDao - Entity with id 467 was deleted
2021-07-20 21:23:19 INFO  AbstractDao - Entities by prepared sql was found select user.id, user.login, user.password, role.id, role.name, subscription.id, subscription.start_date, subscription.end_date from user
inner join role on user.role_id = role.id left join subscription on user.subscription_id = subscription.id where user.id = ?
2021-07-20 21:23:19 INFO  AbstractDao - Entity LibraryUser{id=null, login='123', password='$2a$04$gJ0WR/QGMcg6bNLVAlLnQugoVjIrAg9GRKdu.RJk5EByqJ6Zd3bC6', role=READER, userSubscription=null} was saved
2021-07-20 21:23:21 INFO  AbstractDao - Entity with id 468 was deleted
2021-07-20 21:23:21 INFO  AbstractDao - Entities by prepared sql was found select user.id, user.login, user.password, role.id, role.name, subscription.id, subscription.start_date, subscription.end_date from user
inner join role on user.role_id = role.id left join subscription on user.subscription_id = subscription.id where user.id = ?
2021-07-20 21:23:21 INFO  AbstractDao - Entity LibraryUser{id=null, login='123', password='$2a$04$JJcGiq3RM6yNntXV7Wg0rO0diaJCaXtkXtfbngKXZP5W75nCoKJkq', role=READER, userSubscription=null} was saved
2021-07-20 21:23:22 INFO  AbstractDao - Entity LibraryUser{id=469, login='123', password='$2a$04$Gll9N0IRlGar0gD0mcnNcOvqgfa6noCIVpiACn2g6.BDhU.q/2A2e', role=READER, userSubscription=null} was updated
2021-07-20 21:23:22 INFO  AbstractDao - Entity with id 469 was deleted
2021-07-20 21:23:23 INFO  AbstractDao - Entities by prepared sql was found select user.id, user.login, user.password, role.id, role.name, subscription.id, subscription.start_date, subscription.end_date from user
inner join role on user.role_id = role.id left join subscription on user.subscription_id = subscription.id where user.id = ?
2021-07-20 21:23:23 INFO  AbstractDao - Entity LibraryUser{id=null, login='123', password='$2a$04$1kykrRuWjFlaNVi5kldLiuS6Goy3vJ3NbwuzWxzpIRexJm/cKKSm6', role=READER, userSubscription=null} was saved
2021-07-20 21:23:24 INFO  AbstractDao - Entity with id 470 was deleted
2021-07-20 21:23:24 INFO  AbstractDao - All entities was found
2021-07-20 21:23:24 INFO  AbstractDao - Entity with id 470 was deleted
2021-07-20 21:23:24 INFO  AbstractDao - Entities by prepared sql was found select user.id, user.login, user.password, role.id, role.name, subscription.id, subscription.start_date, subscription.end_date from user
inner join role on user.role_id = role.id left join subscription on user.subscription_id = subscription.id where user.id = ?
2021-07-20 21:23:24 INFO  AbstractDao - Entity LibraryUser{id=null, login='123', password='$2a$04$wrrk4/u8EUXLxWU4x2DzUeh2GN02AixG9U/38tukfcGLkbuIOP812', role=READER, userSubscription=null} was saved
2021-07-20 21:23:25 INFO  AbstractDao - Entity with id 471 was deleted
2021-07-20 21:23:25 INFO  AbstractDao - Entities by prepared sql was found select user.id, user.login, user.password, role.id, role.name, subscription.id, subscription.start_date, subscription.end_date from user
inner join role on user.role_id = role.id left join subscription on user.subscription_id = subscription.id where user.id = ?
2021-07-20 21:23:25 INFO  AbstractDao - Entity LibraryUser{id=null, login='123', password='$2a$04$0o.iCUbAO5/fD868TCrCyuxmBIqDUvhHXt2YopiwpIQJWMm8LB8v6', role=READER, userSubscription=null} was saved
2021-07-20 21:23:25 INFO  AbstractDao - Entities by prepared sql was found select user.id, user.login, user.password, role.id, role.name, subscription.id, subscription.start_date, subscription.end_date from user
inner join role on user.role_id = role.id left join subscription on user.subscription_id = subscription.id where user.id = ?
2021-07-20 21:23:27 INFO  AbstractDao - Entity with id 472 was deleted
2021-07-20 21:23:27 INFO  AbstractDao - Entities by prepared sql was found select user.id, user.login, user.password, role.id, role.name, subscription.id, subscription.start_date, subscription.end_date from user
inner join role on user.role_id = role.id left join subscription on user.subscription_id = subscription.id where user.id = ?
2021-07-20 21:23:27 INFO  AbstractDao - Entity LibraryUser{id=null, login='123', password='$2a$04$p3K/HiMZcP4D.OI2x9AIzexTHrMGDk2Asu5SL1VPHgvH7MKPgDnoi', role=READER, userSubscription=null} was saved
2021-07-20 21:23:27 INFO  AbstractDao - Entities by prepared sql was found select user.id, user.login, user.password, role.id, role.name, subscription.id, subscription.start_date, subscription.end_date from user
inner join role on user.role_id = role.id left join subscription on user.subscription_id = subscription.id limit ?, ?
2021-07-20 21:23:27 INFO  AbstractDao - Entities on page 1 was found
2021-07-20 21:23:28 INFO  AbstractDao - All entities was found
2021-07-20 21:23:28 INFO  AbstractDao - Entity with id 473 was deleted
2021-07-20 21:23:28 INFO  AbstractDao - Entities by prepared sql was found select user.id, user.login, user.password, role.id, role.name, subscription.id, subscription.start_date, subscription.end_date from user
inner join role on user.role_id = role.id left join subscription on user.subscription_id = subscription.id where user.id = ?
2021-07-20 21:23:28 INFO  AbstractDao - Entity LibraryUser{id=null, login='123', password='$2a$04$/GJ3JaApBcsXes.XTVfiHex7QY9XpDCgSwWpM.T6MWFn1YmdZ4soK', role=READER, userSubscription=null} was saved
2021-07-20 21:23:28 INFO  AbstractDao - Entities by prepared sql was found select user.id, user.login, user.password, role.id, role.name, subscription.id, subscription.start_date, subscription.end_date from user
inner join role on user.role_id = role.id left join subscription on user.subscription_id = subscription.id where user.login = ?
2021-07-20 21:23:28 INFO  AbstractDao - Entity with id 474 was deleted
2021-07-20 21:23:29 INFO  AbstractDao - Entities by prepared sql was found select user.id, user.login, user.password, role.id, role.name, subscription.id, subscription.start_date, subscription.end_date from user
inner join role on user.role_id = role.id left join subscription on user.subscription_id = subscription.id where user.id = ?
2021-07-20 21:23:29 INFO  AbstractDao - Entity LibraryUser{id=null, login='123', password='$2a$04$NNC4aPJSeXcPOOt0O0U0AuARpCDZeyLMxUmn156CR9882gqy6F87y', role=READER, userSubscription=null} was saved
2021-07-20 21:23:29 INFO  AbstractDao - Entity with id 475 was deleted
2021-07-20 21:23:29 INFO  AbstractDao - Entities by prepared sql was found select user.id, user.login, user.password, role.id, role.name, subscription.id, subscription.start_date, subscription.end_date from user
inner join role on user.role_id = role.id left join subscription on user.subscription_id = subscription.id where user.login = ?
2021-07-20 21:23:29 INFO  AbstractDao - Entity with id 475 was deleted
2021-07-20 21:23:29 INFO  AbstractDao - Entities by prepared sql was found select user.id, user.login, user.password, role.id, role.name, subscription.id, subscription.start_date, subscription.end_date from user
inner join role on user.role_id = role.id left join subscription on user.subscription_id = subscription.id where user.id = ?
2021-07-20 21:23:29 INFO  AbstractDao - Entity LibraryUser{id=null, login='123', password='$2a$04$pg6lbejEY8ByDjfXvykOVOW52Jw7OPtWSRzRFAqUEWNHbufRhvC5W', role=READER, userSubscription=null} was saved
2021-07-20 21:23:30 INFO  AbstractDao - Entity with id 476 was deleted
