21.07.2021 19:17:27 [main] INFO  SimpleUserService - findAll() All users was found size = 3
21.07.2021 19:17:27 [main] INFO  SimpleBookService - findAll() All books were found size = 11
21.07.2021 19:17:28 [main] INFO  SimpleOrderService - findAll() All orders were found size = 1
21.07.2021 19:17:29 [main] INFO  SimpleOrderService - delete() Order with id 781 was deleted
21.07.2021 19:17:29 [main] INFO  SimpleUserService - findAll() All users was found size = 3
21.07.2021 19:17:29 [main] INFO  SimpleBookService - findAll() All books were found size = 11
21.07.2021 19:17:30 [main] INFO  SimpleOrderService - findByUser() Orders by user was found LibraryUser{id=101, login='master', password='$2a$04$vklBIZi/UTd0mkJ0XrfAFulYtvUl7HP2Y1ods9yEuBCpAFuM/1HSq', role=ADMIN, userSubscription=Subscription{id=160, startDate=2021-07-16, endDate=2021-07-23}} size = 1
21.07.2021 19:17:31 [main] INFO  SimpleOrderService - delete() Order with id 782 was deleted
21.07.2021 19:17:31 [main] INFO  SimpleUserService - findAll() All users was found size = 3
21.07.2021 19:17:31 [main] INFO  SimpleBookService - findAll() All books were found size = 11
21.07.2021 19:17:33 [main] INFO  SimpleOrderService - delete() Order with id 783 was deleted
21.07.2021 19:17:33 [main] INFO  SimpleOrderService - findAll() All orders were found size = 0
21.07.2021 19:17:33 [main] INFO  SimpleOrderService - delete() Order with id 783 was deleted
21.07.2021 19:17:33 [main] INFO  SimpleUserService - findAll() All users was found size = 3
21.07.2021 19:17:33 [main] INFO  SimpleBookService - findAll() All books were found size = 11
21.07.2021 19:17:35 [main] INFO  SimpleOrderService - returnOrder() Order was returned BookOrder{id=784, user=LibraryUser{id=101, login='master', password='$2a$04$vklBIZi/UTd0mkJ0XrfAFulYtvUl7HP2Y1ods9yEuBCpAFuM/1HSq', role=ADMIN, userSubscription=Subscription{id=160, startDate=2021-07-16, endDate=2021-07-23}}, book=Book{id=192, name='Lord of the rings', author=BookAuthor{id=128, name='Tolkien'}, genre=FANTASY, date=2021-06-29, pagesAmount=200, copiesAmount=1, description='Fantasy about hobbits', likesAmount=0, commentsAmount=1}, orderDate=2021-07-21, status=RETURNED}
21.07.2021 19:17:35 [main] INFO  SimpleOrderService - findById() Order by id 784 was found BookOrder{id=784, user=LibraryUser{id=101, login='master', password='$2a$04$vklBIZi/UTd0mkJ0XrfAFulYtvUl7HP2Y1ods9yEuBCpAFuM/1HSq', role=ADMIN, userSubscription=Subscription{id=160, startDate=2021-07-16, endDate=2021-07-23}}, book=Book{id=192, name='Lord of the rings', author=BookAuthor{id=128, name='Tolkien'}, genre=FANTASY, date=2021-06-29, pagesAmount=200, copiesAmount=1, description='Fantasy about hobbits', likesAmount=0, commentsAmount=1}, orderDate=2021-07-21, status=RETURNED}
21.07.2021 19:17:36 [main] INFO  SimpleOrderService - delete() Order with id 784 was deleted
21.07.2021 19:17:36 [main] INFO  SimpleUserService - findAll() All users was found size = 3
21.07.2021 19:17:36 [main] INFO  SimpleBookService - findAll() All books were found size = 11
21.07.2021 19:17:38 [main] INFO  SimpleOrderService - approveOrder() Order was approved BookOrder{id=785, user=LibraryUser{id=101, login='master', password='$2a$04$vklBIZi/UTd0mkJ0XrfAFulYtvUl7HP2Y1ods9yEuBCpAFuM/1HSq', role=ADMIN, userSubscription=Subscription{id=160, startDate=2021-07-16, endDate=2021-07-23}}, book=Book{id=192, name='Lord of the rings', author=BookAuthor{id=128, name='Tolkien'}, genre=FANTASY, date=2021-06-29, pagesAmount=200, copiesAmount=1, description='Fantasy about hobbits', likesAmount=0, commentsAmount=1}, orderDate=2021-07-21, status=APPROVED}
21.07.2021 19:17:38 [main] INFO  SimpleOrderService - findById() Order by id 785 was found BookOrder{id=785, user=LibraryUser{id=101, login='master', password='$2a$04$vklBIZi/UTd0mkJ0XrfAFulYtvUl7HP2Y1ods9yEuBCpAFuM/1HSq', role=ADMIN, userSubscription=Subscription{id=160, startDate=2021-07-16, endDate=2021-07-23}}, book=Book{id=192, name='Lord of the rings', author=BookAuthor{id=128, name='Tolkien'}, genre=FANTASY, date=2021-06-29, pagesAmount=200, copiesAmount=1, description='Fantasy about hobbits', likesAmount=0, commentsAmount=1}, orderDate=2021-07-21, status=APPROVED}
21.07.2021 19:17:38 [main] INFO  SimpleOrderService - delete() Order with id 785 was deleted
21.07.2021 19:17:38 [main] INFO  SimpleUserService - findAll() All users was found size = 3
21.07.2021 19:17:38 [main] INFO  SimpleBookService - findAll() All books were found size = 11
21.07.2021 19:17:39 [main] INFO  SimpleOrderService - findById() Order by id 786 was found BookOrder{id=786, user=LibraryUser{id=101, login='master', password='$2a$04$vklBIZi/UTd0mkJ0XrfAFulYtvUl7HP2Y1ods9yEuBCpAFuM/1HSq', role=ADMIN, userSubscription=Subscription{id=160, startDate=2021-07-16, endDate=2021-07-23}}, book=Book{id=192, name='Lord of the rings', author=BookAuthor{id=128, name='Tolkien'}, genre=FANTASY, date=2021-06-29, pagesAmount=200, copiesAmount=1, description='Fantasy about hobbits', likesAmount=0, commentsAmount=1}, orderDate=2021-07-21, status=APPROVED}
21.07.2021 19:17:40 [main] INFO  SimpleOrderService - delete() Order with id 786 was deleted
21.07.2021 19:17:40 [main] INFO  SimpleUserService - findAll() All users was found size = 3
21.07.2021 19:17:40 [main] INFO  SimpleBookService - findAll() All books were found size = 11
21.07.2021 19:17:41 [main] INFO  SimpleOrderService - findByBook() Orders by book was found Book{id=192, name='Lord of the rings', author=BookAuthor{id=128, name='Tolkien'}, genre=FANTASY, date=2021-06-29, pagesAmount=200, copiesAmount=1, description='Fantasy about hobbits', likesAmount=0, commentsAmount=1} size = 1
21.07.2021 19:17:42 [main] INFO  SimpleOrderService - delete() Order with id 787 was deleted
21.07.2021 19:17:42 [main] INFO  SimpleUserService - findAll() All users was found size = 3
21.07.2021 19:17:42 [main] INFO  SimpleBookService - findAll() All books were found size = 11
21.07.2021 19:17:43 [main] INFO  SimpleOrderService - delete() Order with id 788 was deleted
21.07.2021 19:17:43 [main] INFO  SimpleUserService - findAll() All users was found size = 3
21.07.2021 19:17:43 [main] INFO  SimpleBookService - findAll() All books were found size = 11
21.07.2021 19:17:45 [main] INFO  SimpleOrderService - delete() Order with id 789 was deleted
21.07.2021 19:17:45 [main] INFO  SimpleUserService - findAll() All users was found size = 3
21.07.2021 19:17:45 [main] INFO  SimpleBookService - findAll() All books were found size = 11
21.07.2021 19:17:46 [main] INFO  SimpleOrderService - findPage() Page of orders number 1 was found size = 1
21.07.2021 19:17:46 [main] INFO  SimpleOrderService - delete() Order with id 790 was deleted
21.07.2021 19:17:46 [main] INFO  SimpleUserService - findAll() All users was found size = 3
21.07.2021 19:17:46 [main] INFO  SimpleBookService - findAll() All books were found size = 11
21.07.2021 19:17:48 [main] INFO  SimpleOrderService - delete() Order with id 791 was deleted
21.07.2021 19:17:48 [main] ERROR SimpleOrderService - findById() Saved order with id 791 was not found
21.07.2021 19:17:48 [main] INFO  SimpleOrderService - delete() Order with id 791 was deleted
21.07.2021 19:17:48 [main] INFO  SimpleUserService - findAll() All users was found size = 3
21.07.2021 19:17:48 [main] INFO  SimpleBookService - findAll() All books were found size = 11
21.07.2021 19:17:50 [main] INFO  SimpleOrderService - delete() Order with id 792 was deleted
21.07.2021 19:20:20 [main] INFO  SimpleUserService - register() User was saved in database LibraryUser{id=842, login='123', password='$2a$04$Fmd452iXYUiZQe7k5eM4Z.bB.HVbxqMjG3Jpc8Ihz7dYohD4luW/K', role=READER, userSubscription=null}
21.07.2021 19:20:20 [main] INFO  SimpleUserService - changeLogin() User with login 123 already exists
21.07.2021 19:20:20 [main] INFO  SimpleUserService - delete() User with id 842 was deleted
21.07.2021 19:20:20 [main] INFO  SimpleUserService - register() User was saved in database LibraryUser{id=843, login='123', password='$2a$04$pOdec7WgCG0MFk/oYswWzeWITyUTGCtb9IYxJm4jodkdEahUeKAf6', role=READER, userSubscription=null}
21.07.2021 19:20:20 [main] INFO  SimpleUserService - demoteUserRole() Role was demoted to READER for user LibraryUser{id=843, login='123', password='$2a$04$pOdec7WgCG0MFk/oYswWzeWITyUTGCtb9IYxJm4jodkdEahUeKAf6', role=READER, userSubscription=null}
21.07.2021 19:20:20 [main] INFO  SimpleUserService - findById() User was found by id 843 LibraryUser{id=843, login='123', password='$2a$04$pOdec7WgCG0MFk/oYswWzeWITyUTGCtb9IYxJm4jodkdEahUeKAf6', role=READER, userSubscription=null}
21.07.2021 19:20:20 [main] INFO  SimpleUserService - delete() User with id 843 was deleted
21.07.2021 19:20:21 [main] INFO  SimpleUserService - register() User was saved in database LibraryUser{id=844, login='123', password='$2a$04$6HvAP2V5MfTTQCmP14qiFe5MjEwZZuG.yuK9vWMFrJ4sDRvvtlB3e', role=READER, userSubscription=null}
21.07.2021 19:20:21 [main] ERROR SimpleUserService - loginUser() Wrong password was entered
21.07.2021 19:20:21 [main] INFO  SimpleUserService - delete() User with id 844 was deleted
21.07.2021 19:20:22 [main] INFO  SimpleUserService - register() User was saved in database LibraryUser{id=845, login='123', password='$2a$04$bAR/B9Yt..7aQmuzQ2X9UOox18gfKE/CQ6Tnj.b29tFw4uwD7ZJem', role=READER, userSubscription=null}
21.07.2021 19:20:22 [main] INFO  SimpleUserService - findAll() All users was found size = 4
21.07.2021 19:20:22 [main] INFO  SimpleUserService - delete() User with id 845 was deleted
21.07.2021 19:20:22 [main] INFO  SimpleUserService - register() User was saved in database LibraryUser{id=846, login='123', password='$2a$04$/OAivN55GZ84IsPODtYadOOxPRHJvP6aunY/.4dtMQwt7sJn434Ca', role=READER, userSubscription=null}
21.07.2021 19:20:22 [main] ERROR SimpleUserService - setSubscription() Invalid subscription. Start date is after end date
21.07.2021 19:20:23 [main] INFO  SimpleUserService - delete() User with id 846 was deleted
21.07.2021 19:20:23 [main] INFO  SimpleUserService - register() User was saved in database LibraryUser{id=847, login='123', password='$2a$04$lhy15rFllb07b1.i4DEu7ex0dB.2CAFVpgt9uy/MEcY0dYe18HKD2', role=READER, userSubscription=null}
21.07.2021 19:20:23 [main] INFO  SimpleUserService - changeLogin() New login was set to user LibraryUser{id=847, login='NEW LOGIN', password='$2a$04$lhy15rFllb07b1.i4DEu7ex0dB.2CAFVpgt9uy/MEcY0dYe18HKD2', role=READER, userSubscription=null}
21.07.2021 19:20:23 [main] INFO  SimpleUserService - delete() User with id 847 was deleted
21.07.2021 19:20:23 [main] INFO  SimpleUserService - register() User was saved in database LibraryUser{id=848, login='123', password='$2a$04$cmOBLOoftkjBpDL8.1lcN.P2y7YbNOhTldT22eITvqyfcKrx9OTrS', role=READER, userSubscription=null}
21.07.2021 19:20:23 [main] INFO  SimpleUserService - delete() User with id 848 was deleted
21.07.2021 19:20:23 [main] INFO  SimpleUserService - findByLogin() User by login 123 was not found
21.07.2021 19:20:23 [main] INFO  SimpleUserService - delete() User with id 848 was deleted
21.07.2021 19:20:24 [main] INFO  SimpleUserService - register() User was saved in database LibraryUser{id=849, login='123', password='$2a$04$Jd8tvuqJDJsXyiTjTrsFM.Da5/ApudPrdTe27X4Ey1g25WHN6R.uC', role=READER, userSubscription=null}
21.07.2021 19:20:24 [main] INFO  SimpleUserService - promoteUserRole() Role was promoted to LIBRARIAN for user LibraryUser{id=849, login='123', password='$2a$04$Jd8tvuqJDJsXyiTjTrsFM.Da5/ApudPrdTe27X4Ey1g25WHN6R.uC', role=LIBRARIAN, userSubscription=null}
21.07.2021 19:20:24 [main] INFO  SimpleUserService - findById() User was found by id 849 LibraryUser{id=849, login='123', password='$2a$04$Jd8tvuqJDJsXyiTjTrsFM.Da5/ApudPrdTe27X4Ey1g25WHN6R.uC', role=LIBRARIAN, userSubscription=null}
21.07.2021 19:20:24 [main] INFO  SimpleUserService - delete() User with id 849 was deleted
21.07.2021 19:20:24 [main] INFO  SimpleUserService - register() User was saved in database LibraryUser{id=850, login='123', password='$2a$04$avjxgWmWd2Ng7xtRieZqV.gYapE2VaeXsdZJ5.9rs2f6dfBKX7yDe', role=READER, userSubscription=null}
21.07.2021 19:20:24 [main] INFO  SimpleUserService - setSubscription() New subscription was set to user LibraryUser{id=850, login='123', password='$2a$04$avjxgWmWd2Ng7xtRieZqV.gYapE2VaeXsdZJ5.9rs2f6dfBKX7yDe', role=READER, userSubscription=Subscription{id=404, startDate=2021-07-21, endDate=2021-07-23}}
21.07.2021 19:20:24 [main] INFO  SimpleUserService - findById() User was found by id 850 LibraryUser{id=850, login='123', password='$2a$04$avjxgWmWd2Ng7xtRieZqV.gYapE2VaeXsdZJ5.9rs2f6dfBKX7yDe', role=READER, userSubscription=Subscription{id=404, startDate=2021-07-21, endDate=2021-07-23}}
21.07.2021 19:20:25 [main] INFO  SimpleUserService - delete() User with id 850 was deleted
21.07.2021 19:20:25 [main] INFO  SimpleUserService - register() User was saved in database LibraryUser{id=851, login='123', password='$2a$04$P0K.6Zysfli.JAwVsBm2zuHK3X2LfP18aFZtDDj6.GlFDfx8cu.7i', role=READER, userSubscription=null}
21.07.2021 19:20:25 [main] INFO  SimpleUserService - loginUser() User was logged in 123
21.07.2021 19:20:25 [main] INFO  SimpleUserService - delete() User with id 851 was deleted
21.07.2021 19:20:25 [main] INFO  SimpleUserService - register() User was saved in database LibraryUser{id=852, login='123', password='$2a$04$UVgSVH2Xkt2QIDTH5MrsSu0.rH0LybjuINEBr39E9mg8QuC7u1pT2', role=READER, userSubscription=null}
21.07.2021 19:20:25 [main] INFO  SimpleUserService - findById() User was found by id 852 LibraryUser{id=852, login='123', password='$2a$04$UVgSVH2Xkt2QIDTH5MrsSu0.rH0LybjuINEBr39E9mg8QuC7u1pT2', role=READER, userSubscription=null}
21.07.2021 19:20:25 [main] INFO  SimpleUserService - delete() User with id 852 was deleted
21.07.2021 19:20:26 [main] INFO  SimpleUserService - register() User was saved in database LibraryUser{id=853, login='123', password='$2a$04$PyivRNzriH3Is2gQle8zf.y.yl50GwQuSofV16iGb8n.eu0pZhKxO', role=READER, userSubscription=null}
21.07.2021 19:20:26 [main] INFO  SimpleUserService - delete() User with id 853 was deleted
21.07.2021 19:20:26 [main] INFO  SimpleUserService - register() User was saved in database LibraryUser{id=854, login='123', password='$2a$04$crpX4C./fNPXJHGv3LNZ/uovxoyJsug1yhBhCovIJuTLLx94FV/Va', role=READER, userSubscription=null}
21.07.2021 19:20:27 [main] INFO  SimpleUserService - changePassword() New password was set to user LibraryUser{id=854, login='123', password='$2a$04$lpZKl1S6KwX25.HmYXKTM.dLM5X1vcy5FVQG3qSzkkvMNjjQMI6Vq', role=READER, userSubscription=null}
21.07.2021 19:20:27 [main] INFO  SimpleUserService - delete() User with id 854 was deleted
21.07.2021 19:20:28 [main] INFO  SimpleUserService - register() User was saved in database LibraryUser{id=855, login='123', password='$2a$04$ouMpe54W.dGXwd6D14MEB.f3bBC7DbS6mTd2VJAAfrflj89jMm6fW', role=READER, userSubscription=null}
21.07.2021 19:20:28 [main] INFO  SimpleUserService - delete() User with id 855 was deleted
21.07.2021 19:20:28 [main] INFO  SimpleUserService - findAll() All users was found size = 3
21.07.2021 19:20:28 [main] INFO  SimpleUserService - delete() User with id 855 was deleted
21.07.2021 19:20:28 [main] INFO  SimpleUserService - register() User was saved in database LibraryUser{id=856, login='123', password='$2a$04$ZQOioYgegjkBZO5Hr9AuC./SezEXY3CddWNNLGtBTu4B4a2jphAZG', role=READER, userSubscription=null}
21.07.2021 19:20:28 [main] INFO  SimpleUserService - delete() User with id 856 was deleted
21.07.2021 19:20:28 [main] INFO  SimpleUserService - register() User was saved in database LibraryUser{id=857, login='123', password='$2a$04$sU2CCmNviku7flCUqBUSIuDQ.Kn61I8Arp7AvSYgXLuiEShEEj6Xu', role=READER, userSubscription=null}
21.07.2021 19:20:28 [main] ERROR SimpleUserService - findById() Saved user with id 0 was not found
21.07.2021 19:20:28 [main] INFO  SimpleUserService - delete() User with id 857 was deleted
21.07.2021 19:20:28 [main] INFO  SimpleUserService - register() User was saved in database LibraryUser{id=858, login='123', password='$2a$04$LiY/eEwrWUOp2Vg914V/Meiephw04eH8bj5ndJCKHg2mmqRjfWnqq', role=READER, userSubscription=null}
21.07.2021 19:20:29 [main] INFO  SimpleUserService - findPage() Page of users number 1 was found size = 4
21.07.2021 19:20:29 [main] INFO  SimpleUserService - findAll() All users was found size = 4
21.07.2021 19:20:29 [main] INFO  SimpleUserService - delete() User with id 858 was deleted
21.07.2021 19:20:29 [main] INFO  SimpleUserService - register() User was saved in database LibraryUser{id=859, login='123', password='$2a$04$KN/r5BotztcHB5aE0ShXmOkzeVPpEO6H3sXF9mCaFrsM5FEHi2wh6', role=READER, userSubscription=null}
21.07.2021 19:20:29 [main] INFO  SimpleUserService - findByLogin() User by login 123 was found LibraryUser{id=859, login='123', password='$2a$04$KN/r5BotztcHB5aE0ShXmOkzeVPpEO6H3sXF9mCaFrsM5FEHi2wh6', role=READER, userSubscription=null}
21.07.2021 19:20:29 [main] INFO  SimpleUserService - delete() User with id 859 was deleted
21.07.2021 19:20:29 [main] INFO  SimpleUserService - register() User was saved in database LibraryUser{id=860, login='123', password='$2a$04$Mxjjs0kYVWCedkFr6XMCIex1R75z6RF7V18a7Jf8y.HkFrdgOftCW', role=READER, userSubscription=null}
21.07.2021 19:20:29 [main] INFO  SimpleUserService - delete() User with id 860 was deleted
21.07.2021 19:20:29 [main] ERROR SimpleUserService - loginUser() User with entered login 123 does not exist
21.07.2021 19:20:29 [main] INFO  SimpleUserService - delete() User with id 860 was deleted
21.07.2021 19:20:29 [main] INFO  SimpleUserService - register() User was saved in database LibraryUser{id=861, login='123', password='$2a$04$hgcM32.HOUGLtWDkW5n/z.UFpimZMv.SMWdtYasEN2yhVkxIBlzo2', role=READER, userSubscription=null}
21.07.2021 19:20:30 [main] INFO  SimpleUserService - delete() User with id 861 was deleted
21.07.2021 19:20:31 [main] INFO  SimpleUserService - findAll() All users was found size = 3
21.07.2021 19:20:31 [main] INFO  SimpleBookService - findAll() All books were found size = 11
21.07.2021 19:20:31 [main] INFO  SimpleLikeService - register() Like was saved Like{id=384, book=Book{id=192, name='Lord of the rings', author=BookAuthor{id=128, name='Tolkien'}, genre=FANTASY, date=2021-06-29, pagesAmount=200, copiesAmount=1, description='Fantasy about hobbits', likesAmount=1, commentsAmount=1}, user=LibraryUser{id=101, login='master', password='$2a$04$vklBIZi/UTd0mkJ0XrfAFulYtvUl7HP2Y1ods9yEuBCpAFuM/1HSq', role=ADMIN, userSubscription=Subscription{id=160, startDate=2021-07-16, endDate=2021-07-23}}}
21.07.2021 19:20:31 [main] INFO  SimpleLikeService - findById() Saved like with id 384 was found Like{id=384, book=Book{id=192, name='Lord of the rings', author=BookAuthor{id=128, name='Tolkien'}, genre=FANTASY, date=2021-06-29, pagesAmount=200, copiesAmount=1, description='Fantasy about hobbits', likesAmount=1, commentsAmount=1}, user=LibraryUser{id=101, login='master', password='$2a$04$vklBIZi/UTd0mkJ0XrfAFulYtvUl7HP2Y1ods9yEuBCpAFuM/1HSq', role=ADMIN, userSubscription=Subscription{id=160, startDate=2021-07-16, endDate=2021-07-23}}}
21.07.2021 19:20:31 [main] INFO  SimpleLikeService - delete() Like with id 384 was deleted
21.07.2021 19:20:31 [main] INFO  SimpleUserService - findAll() All users was found size = 3
21.07.2021 19:20:31 [main] INFO  SimpleBookService - findAll() All books were found size = 11
21.07.2021 19:20:32 [main] INFO  SimpleLikeService - register() Like was saved Like{id=385, book=Book{id=192, name='Lord of the rings', author=BookAuthor{id=128, name='Tolkien'}, genre=FANTASY, date=2021-06-29, pagesAmount=200, copiesAmount=1, description='Fantasy about hobbits', likesAmount=1, commentsAmount=1}, user=LibraryUser{id=101, login='master', password='$2a$04$vklBIZi/UTd0mkJ0XrfAFulYtvUl7HP2Y1ods9yEuBCpAFuM/1HSq', role=ADMIN, userSubscription=Subscription{id=160, startDate=2021-07-16, endDate=2021-07-23}}}
21.07.2021 19:20:32 [main] INFO  SimpleLikeService - findPage() Likes page number 1 was found size = 1
21.07.2021 19:20:32 [main] INFO  SimpleLikeService - delete() Like with id 385 was deleted
21.07.2021 19:20:32 [main] INFO  SimpleUserService - findAll() All users was found size = 3
21.07.2021 19:20:32 [main] INFO  SimpleBookService - findAll() All books were found size = 11
21.07.2021 19:20:32 [main] INFO  SimpleLikeService - register() Like was saved Like{id=386, book=Book{id=192, name='Lord of the rings', author=BookAuthor{id=128, name='Tolkien'}, genre=FANTASY, date=2021-06-29, pagesAmount=200, copiesAmount=1, description='Fantasy about hobbits', likesAmount=1, commentsAmount=1}, user=LibraryUser{id=101, login='master', password='$2a$04$vklBIZi/UTd0mkJ0XrfAFulYtvUl7HP2Y1ods9yEuBCpAFuM/1HSq', role=ADMIN, userSubscription=Subscription{id=160, startDate=2021-07-16, endDate=2021-07-23}}}
21.07.2021 19:20:32 [main] INFO  SimpleLikeService - delete() Like with id 386 was deleted
21.07.2021 19:20:32 [main] ERROR SimpleLikeService - findById() Saved like with id 386 was not found
21.07.2021 19:20:32 [main] INFO  SimpleLikeService - delete() Like with id 386 was deleted
21.07.2021 19:20:32 [main] INFO  SimpleUserService - findAll() All users was found size = 3
21.07.2021 19:20:32 [main] INFO  SimpleBookService - findAll() All books were found size = 11
21.07.2021 19:20:32 [main] INFO  SimpleLikeService - register() Like was saved Like{id=387, book=Book{id=192, name='Lord of the rings', author=BookAuthor{id=128, name='Tolkien'}, genre=FANTASY, date=2021-06-29, pagesAmount=200, copiesAmount=1, description='Fantasy about hobbits', likesAmount=1, commentsAmount=1}, user=LibraryUser{id=101, login='master', password='$2a$04$vklBIZi/UTd0mkJ0XrfAFulYtvUl7HP2Y1ods9yEuBCpAFuM/1HSq', role=ADMIN, userSubscription=Subscription{id=160, startDate=2021-07-16, endDate=2021-07-23}}}
21.07.2021 19:20:32 [main] INFO  SimpleLikeService - findAll() All likes was found size = 1
21.07.2021 19:20:32 [main] INFO  SimpleLikeService - delete() Like with id 387 was deleted
21.07.2021 19:20:32 [main] INFO  SimpleUserService - findAll() All users was found size = 3
21.07.2021 19:20:32 [main] INFO  SimpleBookService - findAll() All books were found size = 11
21.07.2021 19:20:33 [main] INFO  SimpleLikeService - register() Like was saved Like{id=388, book=Book{id=192, name='Lord of the rings', author=BookAuthor{id=128, name='Tolkien'}, genre=FANTASY, date=2021-06-29, pagesAmount=200, copiesAmount=1, description='Fantasy about hobbits', likesAmount=1, commentsAmount=1}, user=LibraryUser{id=101, login='master', password='$2a$04$vklBIZi/UTd0mkJ0XrfAFulYtvUl7HP2Y1ods9yEuBCpAFuM/1HSq', role=ADMIN, userSubscription=Subscription{id=160, startDate=2021-07-16, endDate=2021-07-23}}}
21.07.2021 19:20:33 [main] INFO  SimpleLikeService - delete() Like with id 388 was deleted
21.07.2021 19:20:33 [main] INFO  SimpleUserService - findAll() All users was found size = 3
21.07.2021 19:20:33 [main] INFO  SimpleBookService - findAll() All books were found size = 11
21.07.2021 19:20:33 [main] INFO  SimpleLikeService - register() Like was saved Like{id=389, book=Book{id=192, name='Lord of the rings', author=BookAuthor{id=128, name='Tolkien'}, genre=FANTASY, date=2021-06-29, pagesAmount=200, copiesAmount=1, description='Fantasy about hobbits', likesAmount=1, commentsAmount=1}, user=LibraryUser{id=101, login='master', password='$2a$04$vklBIZi/UTd0mkJ0XrfAFulYtvUl7HP2Y1ods9yEuBCpAFuM/1HSq', role=ADMIN, userSubscription=Subscription{id=160, startDate=2021-07-16, endDate=2021-07-23}}}
21.07.2021 19:20:33 [main] INFO  SimpleLikeService - delete() Like with id 389 was deleted
21.07.2021 19:20:33 [main] INFO  SimpleLikeService - delete() Like with id 389 was deleted
21.07.2021 19:20:33 [main] INFO  SimpleUserService - findAll() All users was found size = 3
21.07.2021 19:20:33 [main] INFO  SimpleBookService - findAll() All books were found size = 11
21.07.2021 19:20:33 [main] INFO  SimpleLikeService - register() Like was saved Like{id=390, book=Book{id=192, name='Lord of the rings', author=BookAuthor{id=128, name='Tolkien'}, genre=FANTASY, date=2021-06-29, pagesAmount=200, copiesAmount=1, description='Fantasy about hobbits', likesAmount=1, commentsAmount=1}, user=LibraryUser{id=101, login='master', password='$2a$04$vklBIZi/UTd0mkJ0XrfAFulYtvUl7HP2Y1ods9yEuBCpAFuM/1HSq', role=ADMIN, userSubscription=Subscription{id=160, startDate=2021-07-16, endDate=2021-07-23}}}
21.07.2021 19:20:33 [main] INFO  SimpleLikeService - delete() Like with id 390 was deleted
21.07.2021 19:20:33 [main] INFO  SimpleUserService - findAll() All users was found size = 3
21.07.2021 19:20:33 [main] INFO  SimpleBookService - findAll() All books were found size = 11
21.07.2021 19:20:34 [main] INFO  SimpleLikeService - register() Like was saved Like{id=391, book=Book{id=192, name='Lord of the rings', author=BookAuthor{id=128, name='Tolkien'}, genre=FANTASY, date=2021-06-29, pagesAmount=200, copiesAmount=1, description='Fantasy about hobbits', likesAmount=1, commentsAmount=1}, user=LibraryUser{id=101, login='master', password='$2a$04$vklBIZi/UTd0mkJ0XrfAFulYtvUl7HP2Y1ods9yEuBCpAFuM/1HSq', role=ADMIN, userSubscription=Subscription{id=160, startDate=2021-07-16, endDate=2021-07-23}}}
21.07.2021 19:20:34 [main] INFO  SimpleLikeService - delete() Like with id 391 was deleted
21.07.2021 19:20:34 [main] INFO  SimpleUserService - findAll() All users was found size = 3
21.07.2021 19:20:34 [main] INFO  SimpleBookService - findAll() All books were found size = 11
21.07.2021 19:20:34 [main] INFO  SimpleLikeService - register() Like was saved Like{id=392, book=Book{id=192, name='Lord of the rings', author=BookAuthor{id=128, name='Tolkien'}, genre=FANTASY, date=2021-06-29, pagesAmount=200, copiesAmount=1, description='Fantasy about hobbits', likesAmount=1, commentsAmount=1}, user=LibraryUser{id=101, login='master', password='$2a$04$vklBIZi/UTd0mkJ0XrfAFulYtvUl7HP2Y1ods9yEuBCpAFuM/1HSq', role=ADMIN, userSubscription=Subscription{id=160, startDate=2021-07-16, endDate=2021-07-23}}}
21.07.2021 19:20:34 [main] INFO  SimpleLikeService - delete() Like with id 392 was deleted
21.07.2021 19:20:34 [main] INFO  SimpleLikeService - findAll() All likes was found size = 0
21.07.2021 19:20:34 [main] INFO  SimpleLikeService - delete() Like with id 392 was deleted
21.07.2021 19:20:34 [main] INFO  SimpleUserService - findAll() All users was found size = 3
21.07.2021 19:20:34 [main] INFO  SimpleBookService - findAll() All books were found size = 11
21.07.2021 19:20:34 [main] INFO  SimpleLikeService - register() Like was saved Like{id=393, book=Book{id=192, name='Lord of the rings', author=BookAuthor{id=128, name='Tolkien'}, genre=FANTASY, date=2021-06-29, pagesAmount=200, copiesAmount=1, description='Fantasy about hobbits', likesAmount=1, commentsAmount=1}, user=LibraryUser{id=101, login='master', password='$2a$04$vklBIZi/UTd0mkJ0XrfAFulYtvUl7HP2Y1ods9yEuBCpAFuM/1HSq', role=ADMIN, userSubscription=Subscription{id=160, startDate=2021-07-16, endDate=2021-07-23}}}
21.07.2021 19:20:34 [main] INFO  SimpleLikeService - delete() Like with id 393 was deleted
21.07.2021 19:20:56 [main] INFO  SimpleBookService - register() Book was saved Book{id=754, name='New book', author=BookAuthor{id=93, name='new Author'}, genre=FANTASY, date=2021-07-21, pagesAmount=100, copiesAmount=1, description='New test book', likesAmount=0, commentsAmount=0}
21.07.2021 19:20:56 [main] INFO  SimpleBookService - delete() Book with id 754 was deleted
21.07.2021 19:20:56 [main] INFO  SimpleBookService - findByName() Book by name New book was not found
21.07.2021 19:20:56 [main] INFO  SimpleBookService - delete() Book with id 754 was deleted
21.07.2021 19:20:56 [main] INFO  SimpleBookService - register() Book was saved Book{id=755, name='New book', author=BookAuthor{id=93, name='new Author'}, genre=FANTASY, date=2021-07-21, pagesAmount=100, copiesAmount=1, description='New test book', likesAmount=0, commentsAmount=0}
21.07.2021 19:20:56 [main] INFO  SimpleBookService - findByGenre() Book by genre FANTASY was found size = 2
21.07.2021 19:20:56 [main] INFO  SimpleBookService - delete() Book with id 755 was deleted
21.07.2021 19:20:56 [main] INFO  SimpleBookService - register() Book was saved Book{id=756, name='New book', author=BookAuthor{id=93, name='new Author'}, genre=FANTASY, date=2021-07-21, pagesAmount=100, copiesAmount=1, description='New test book', likesAmount=0, commentsAmount=0}
21.07.2021 19:20:56 [main] INFO  SimpleBookService - findById() Book was found by id 756 Book{id=756, name='New book', author=BookAuthor{id=93, name='new Author'}, genre=FANTASY, date=2021-07-21, pagesAmount=100, copiesAmount=1, description='New test book', likesAmount=0, commentsAmount=0}
21.07.2021 19:20:56 [main] INFO  SimpleBookService - delete() Book with id 756 was deleted
21.07.2021 19:20:57 [main] INFO  SimpleBookService - register() Book was saved Book{id=757, name='New book', author=BookAuthor{id=93, name='new Author'}, genre=FANTASY, date=2021-07-21, pagesAmount=100, copiesAmount=1, description='New test book', likesAmount=0, commentsAmount=0}
21.07.2021 19:20:57 [main] INFO  SimpleBookService - delete() Book with id 757 was deleted
21.07.2021 19:20:57 [main] INFO  SimpleBookService - register() Book was saved Book{id=758, name='New book', author=BookAuthor{id=93, name='new Author'}, genre=FANTASY, date=2021-07-21, pagesAmount=100, copiesAmount=1, description='New test book', likesAmount=0, commentsAmount=0}
21.07.2021 19:20:57 [main] INFO  SimpleBookService - delete() Book with id 758 was deleted
21.07.2021 19:20:57 [main] INFO  SimpleBookService - register() Book was saved Book{id=759, name='New book', author=BookAuthor{id=93, name='new Author'}, genre=FANTASY, date=2021-07-21, pagesAmount=100, copiesAmount=1, description='New test book', likesAmount=0, commentsAmount=0}
21.07.2021 19:20:58 [main] INFO  SimpleBookService - delete() Book with id 759 was deleted
21.07.2021 19:20:58 [main] ERROR SimpleBookService - findById() Saved book with id 759 was not found
21.07.2021 19:20:58 [main] INFO  SimpleBookService - delete() Book with id 759 was deleted
21.07.2021 19:20:58 [main] INFO  SimpleBookService - register() Book was saved Book{id=760, name='New book', author=BookAuthor{id=93, name='new Author'}, genre=FANTASY, date=2021-07-21, pagesAmount=100, copiesAmount=1, description='New test book', likesAmount=0, commentsAmount=0}
21.07.2021 19:20:58 [main] INFO  SimpleBookService - findAll() All books were found size = 12
21.07.2021 19:20:58 [main] INFO  SimpleBookService - delete() Book with id 760 was deleted
21.07.2021 19:20:58 [main] INFO  SimpleBookService - register() Book was saved Book{id=761, name='New book', author=BookAuthor{id=93, name='new Author'}, genre=FANTASY, date=2021-07-21, pagesAmount=100, copiesAmount=1, description='New test book', likesAmount=0, commentsAmount=0}
21.07.2021 19:20:58 [main] INFO  SimpleBookService - removeOneCopy() One copy for book was removed Book{id=761, name='New book', author=BookAuthor{id=93, name='new Author'}, genre=FANTASY, date=2021-07-21, pagesAmount=100, copiesAmount=0, description='New test book', likesAmount=0, commentsAmount=0}
21.07.2021 19:20:58 [main] INFO  SimpleBookService - findById() Book was found by id 761 Book{id=761, name='New book', author=BookAuthor{id=93, name='new Author'}, genre=FANTASY, date=2021-07-21, pagesAmount=100, copiesAmount=0, description='New test book', likesAmount=0, commentsAmount=0}
21.07.2021 19:20:59 [main] INFO  SimpleBookService - delete() Book with id 761 was deleted
21.07.2021 19:20:59 [main] INFO  SimpleBookService - register() Book was saved Book{id=762, name='New book', author=BookAuthor{id=93, name='new Author'}, genre=FANTASY, date=2021-07-21, pagesAmount=100, copiesAmount=1, description='New test book', likesAmount=0, commentsAmount=0}
21.07.2021 19:20:59 [main] INFO  SimpleBookService - addOneCopy() One copy for book was added Book{id=762, name='New book', author=BookAuthor{id=93, name='new Author'}, genre=FANTASY, date=2021-07-21, pagesAmount=100, copiesAmount=2, description='New test book', likesAmount=0, commentsAmount=0}
21.07.2021 19:20:59 [main] INFO  SimpleBookService - findById() Book was found by id 762 Book{id=762, name='New book', author=BookAuthor{id=93, name='new Author'}, genre=FANTASY, date=2021-07-21, pagesAmount=100, copiesAmount=2, description='New test book', likesAmount=0, commentsAmount=0}
21.07.2021 19:20:59 [main] INFO  SimpleBookService - delete() Book with id 762 was deleted
21.07.2021 19:21:00 [main] INFO  SimpleBookService - register() Book was saved Book{id=763, name='New book', author=BookAuthor{id=93, name='new Author'}, genre=FANTASY, date=2021-07-21, pagesAmount=100, copiesAmount=1, description='New test book', likesAmount=0, commentsAmount=0}
21.07.2021 19:21:00 [main] INFO  SimpleBookService - delete() Book with id 763 was deleted
21.07.2021 19:21:00 [main] INFO  SimpleBookService - register() Book was saved Book{id=764, name='New book', author=BookAuthor{id=93, name='new Author'}, genre=FANTASY, date=2021-07-21, pagesAmount=100, copiesAmount=1, description='New test book', likesAmount=0, commentsAmount=0}
21.07.2021 19:21:00 [main] INFO  SimpleBookService - findPage() Page of books number 3 was found size = 2
21.07.2021 19:21:00 [main] INFO  SimpleBookService - delete() Book with id 764 was deleted
21.07.2021 19:21:01 [main] INFO  SimpleBookService - register() Book was saved Book{id=765, name='New book', author=BookAuthor{id=93, name='new Author'}, genre=FANTASY, date=2021-07-21, pagesAmount=100, copiesAmount=1, description='New test book', likesAmount=0, commentsAmount=0}
21.07.2021 19:21:01 [main] INFO  SimpleBookService - findByName() Book by name New book was found Book{id=765, name='New book', author=BookAuthor{id=93, name='new Author'}, genre=FANTASY, date=2021-07-21, pagesAmount=100, copiesAmount=1, description='New test book', likesAmount=0, commentsAmount=0}
21.07.2021 19:21:01 [main] INFO  SimpleBookService - delete() Book with id 765 was deleted
21.07.2021 19:21:01 [main] INFO  SimpleBookService - register() Book was saved Book{id=766, name='New book', author=BookAuthor{id=93, name='new Author'}, genre=FANTASY, date=2021-07-21, pagesAmount=100, copiesAmount=1, description='New test book', likesAmount=0, commentsAmount=0}
21.07.2021 19:21:01 [main] INFO  SimpleBookService - delete() Book with id 766 was deleted
21.07.2021 19:21:01 [main] INFO  SimpleBookService - findAll() All books were found size = 11
21.07.2021 19:21:01 [main] INFO  SimpleBookService - delete() Book with id 766 was deleted
21.07.2021 19:21:26 [main] INFO  SimpleUserService - findAll() All users was found size = 3
21.07.2021 19:21:26 [main] INFO  SimpleBookService - findAll() All books were found size = 11
21.07.2021 19:21:26 [main] INFO  SimpleCommentService - register() Comment was saved Comment{id=362, user=LibraryUser{id=101, login='master', password='$2a$04$vklBIZi/UTd0mkJ0XrfAFulYtvUl7HP2Y1ods9yEuBCpAFuM/1HSq', role=ADMIN, userSubscription=Subscription{id=160, startDate=2021-07-16, endDate=2021-07-23}}, book=Book{id=192, name='Lord of the rings', author=BookAuthor{id=128, name='Tolkien'}, genre=FANTASY, date=2021-06-29, pagesAmount=200, copiesAmount=1, description='Fantasy about hobbits', likesAmount=0, commentsAmount=2}, date=2021-07-21, text='Test text for test'} 
21.07.2021 19:21:26 [main] INFO  SimpleCommentService - findById() Saved comment was found by id 362 Comment{id=362, user=LibraryUser{id=101, login='master', password='$2a$04$vklBIZi/UTd0mkJ0XrfAFulYtvUl7HP2Y1ods9yEuBCpAFuM/1HSq', role=ADMIN, userSubscription=Subscription{id=160, startDate=2021-07-16, endDate=2021-07-23}}, book=Book{id=192, name='Lord of the rings', author=BookAuthor{id=128, name='Tolkien'}, genre=FANTASY, date=2021-06-29, pagesAmount=200, copiesAmount=1, description='Fantasy about hobbits', likesAmount=0, commentsAmount=2}, date=2021-07-21, text='Test text for test'}
21.07.2021 19:21:27 [main] INFO  SimpleCommentService - delete() Comment with id 362 was deleted
21.07.2021 19:21:27 [main] INFO  SimpleUserService - findAll() All users was found size = 3
21.07.2021 19:21:27 [main] INFO  SimpleBookService - findAll() All books were found size = 11
21.07.2021 19:21:27 [main] INFO  SimpleCommentService - register() Comment was saved Comment{id=363, user=LibraryUser{id=101, login='master', password='$2a$04$vklBIZi/UTd0mkJ0XrfAFulYtvUl7HP2Y1ods9yEuBCpAFuM/1HSq', role=ADMIN, userSubscription=Subscription{id=160, startDate=2021-07-16, endDate=2021-07-23}}, book=Book{id=192, name='Lord of the rings', author=BookAuthor{id=128, name='Tolkien'}, genre=FANTASY, date=2021-06-29, pagesAmount=200, copiesAmount=1, description='Fantasy about hobbits', likesAmount=0, commentsAmount=2}, date=2021-07-21, text='Test text for test'} 
21.07.2021 19:21:27 [main] INFO  SimpleCommentService - delete() Comment with id 363 was deleted
21.07.2021 19:21:27 [main] ERROR SimpleCommentService - findById() Saved comment was not found by id 363
21.07.2021 19:21:27 [main] INFO  SimpleCommentService - delete() Comment with id 363 was deleted
21.07.2021 19:21:27 [main] INFO  SimpleUserService - findAll() All users was found size = 3
21.07.2021 19:21:27 [main] INFO  SimpleBookService - findAll() All books were found size = 11
21.07.2021 19:21:27 [main] INFO  SimpleCommentService - register() Comment was saved Comment{id=364, user=LibraryUser{id=101, login='master', password='$2a$04$vklBIZi/UTd0mkJ0XrfAFulYtvUl7HP2Y1ods9yEuBCpAFuM/1HSq', role=ADMIN, userSubscription=Subscription{id=160, startDate=2021-07-16, endDate=2021-07-23}}, book=Book{id=192, name='Lord of the rings', author=BookAuthor{id=128, name='Tolkien'}, genre=FANTASY, date=2021-06-29, pagesAmount=200, copiesAmount=1, description='Fantasy about hobbits', likesAmount=0, commentsAmount=2}, date=2021-07-21, text='Test text for test'} 
21.07.2021 19:21:28 [main] INFO  SimpleCommentService - delete() Comment with id 364 was deleted
21.07.2021 19:21:28 [main] INFO  SimpleCommentService - findAll() All comments was found size = 1
21.07.2021 19:21:28 [main] INFO  SimpleCommentService - delete() Comment with id 364 was deleted
21.07.2021 19:21:28 [main] INFO  SimpleUserService - findAll() All users was found size = 3
21.07.2021 19:21:28 [main] INFO  SimpleBookService - findAll() All books were found size = 11
21.07.2021 19:21:28 [main] INFO  SimpleCommentService - register() Comment was saved Comment{id=365, user=LibraryUser{id=101, login='master', password='$2a$04$vklBIZi/UTd0mkJ0XrfAFulYtvUl7HP2Y1ods9yEuBCpAFuM/1HSq', role=ADMIN, userSubscription=Subscription{id=160, startDate=2021-07-16, endDate=2021-07-23}}, book=Book{id=192, name='Lord of the rings', author=BookAuthor{id=128, name='Tolkien'}, genre=FANTASY, date=2021-06-29, pagesAmount=200, copiesAmount=1, description='Fantasy about hobbits', likesAmount=0, commentsAmount=2}, date=2021-07-21, text='Test text for test'} 
21.07.2021 19:21:28 [main] INFO  SimpleCommentService - findAll() All comments was found size = 2
21.07.2021 19:21:28 [main] INFO  SimpleCommentService - delete() Comment with id 365 was deleted
21.07.2021 19:21:28 [main] INFO  SimpleUserService - findAll() All users was found size = 3
21.07.2021 19:21:28 [main] INFO  SimpleBookService - findAll() All books were found size = 11
21.07.2021 19:21:29 [main] INFO  SimpleCommentService - register() Comment was saved Comment{id=366, user=LibraryUser{id=101, login='master', password='$2a$04$vklBIZi/UTd0mkJ0XrfAFulYtvUl7HP2Y1ods9yEuBCpAFuM/1HSq', role=ADMIN, userSubscription=Subscription{id=160, startDate=2021-07-16, endDate=2021-07-23}}, book=Book{id=192, name='Lord of the rings', author=BookAuthor{id=128, name='Tolkien'}, genre=FANTASY, date=2021-06-29, pagesAmount=200, copiesAmount=1, description='Fantasy about hobbits', likesAmount=0, commentsAmount=2}, date=2021-07-21, text='Test text for test'} 
21.07.2021 19:21:29 [main] INFO  SimpleCommentService - delete() Comment with id 366 was deleted
21.07.2021 19:21:29 [main] INFO  SimpleUserService - findAll() All users was found size = 3
21.07.2021 19:21:29 [main] INFO  SimpleBookService - findAll() All books were found size = 11
21.07.2021 19:21:29 [main] INFO  SimpleCommentService - register() Comment was saved Comment{id=367, user=LibraryUser{id=101, login='master', password='$2a$04$vklBIZi/UTd0mkJ0XrfAFulYtvUl7HP2Y1ods9yEuBCpAFuM/1HSq', role=ADMIN, userSubscription=Subscription{id=160, startDate=2021-07-16, endDate=2021-07-23}}, book=Book{id=192, name='Lord of the rings', author=BookAuthor{id=128, name='Tolkien'}, genre=FANTASY, date=2021-06-29, pagesAmount=200, copiesAmount=1, description='Fantasy about hobbits', likesAmount=0, commentsAmount=2}, date=2021-07-21, text='Test text for test'} 
21.07.2021 19:21:29 [main] INFO  SimpleCommentService - delete() Comment with id 367 was deleted
21.07.2021 19:21:29 [main] INFO  SimpleCommentService - findByBook() Comments by book Lord of the rings was found size = 1
21.07.2021 19:21:29 [main] INFO  SimpleCommentService - delete() Comment with id 367 was deleted
21.07.2021 19:21:29 [main] INFO  SimpleUserService - findAll() All users was found size = 3
21.07.2021 19:21:29 [main] INFO  SimpleBookService - findAll() All books were found size = 11
21.07.2021 19:21:29 [main] INFO  SimpleCommentService - register() Comment was saved Comment{id=368, user=LibraryUser{id=101, login='master', password='$2a$04$vklBIZi/UTd0mkJ0XrfAFulYtvUl7HP2Y1ods9yEuBCpAFuM/1HSq', role=ADMIN, userSubscription=Subscription{id=160, startDate=2021-07-16, endDate=2021-07-23}}, book=Book{id=192, name='Lord of the rings', author=BookAuthor{id=128, name='Tolkien'}, genre=FANTASY, date=2021-06-29, pagesAmount=200, copiesAmount=1, description='Fantasy about hobbits', likesAmount=0, commentsAmount=2}, date=2021-07-21, text='Test text for test'} 
21.07.2021 19:21:30 [main] INFO  SimpleCommentService - delete() Comment with id 368 was deleted
21.07.2021 19:21:30 [main] INFO  SimpleUserService - findAll() All users was found size = 3
21.07.2021 19:21:30 [main] INFO  SimpleBookService - findAll() All books were found size = 11
21.07.2021 19:21:30 [main] INFO  SimpleCommentService - register() Comment was saved Comment{id=369, user=LibraryUser{id=101, login='master', password='$2a$04$vklBIZi/UTd0mkJ0XrfAFulYtvUl7HP2Y1ods9yEuBCpAFuM/1HSq', role=ADMIN, userSubscription=Subscription{id=160, startDate=2021-07-16, endDate=2021-07-23}}, book=Book{id=192, name='Lord of the rings', author=BookAuthor{id=128, name='Tolkien'}, genre=FANTASY, date=2021-06-29, pagesAmount=200, copiesAmount=1, description='Fantasy about hobbits', likesAmount=0, commentsAmount=2}, date=2021-07-21, text='Test text for test'} 
21.07.2021 19:21:30 [main] INFO  SimpleCommentService - delete() Comment with id 369 was deleted
21.07.2021 19:21:30 [main] INFO  SimpleUserService - findAll() All users was found size = 3
21.07.2021 19:21:30 [main] INFO  SimpleBookService - findAll() All books were found size = 11
21.07.2021 19:21:30 [main] INFO  SimpleCommentService - register() Comment was saved Comment{id=370, user=LibraryUser{id=101, login='master', password='$2a$04$vklBIZi/UTd0mkJ0XrfAFulYtvUl7HP2Y1ods9yEuBCpAFuM/1HSq', role=ADMIN, userSubscription=Subscription{id=160, startDate=2021-07-16, endDate=2021-07-23}}, book=Book{id=192, name='Lord of the rings', author=BookAuthor{id=128, name='Tolkien'}, genre=FANTASY, date=2021-06-29, pagesAmount=200, copiesAmount=1, description='Fantasy about hobbits', likesAmount=0, commentsAmount=2}, date=2021-07-21, text='Test text for test'} 
21.07.2021 19:21:30 [main] INFO  SimpleCommentService - findPage() Comments page number 1 was found size = 2
21.07.2021 19:21:31 [main] INFO  SimpleCommentService - delete() Comment with id 370 was deleted
21.07.2021 19:21:31 [main] INFO  SimpleUserService - findAll() All users was found size = 3
21.07.2021 19:21:31 [main] INFO  SimpleBookService - findAll() All books were found size = 11
21.07.2021 19:21:31 [main] INFO  SimpleCommentService - register() Comment was saved Comment{id=371, user=LibraryUser{id=101, login='master', password='$2a$04$vklBIZi/UTd0mkJ0XrfAFulYtvUl7HP2Y1ods9yEuBCpAFuM/1HSq', role=ADMIN, userSubscription=Subscription{id=160, startDate=2021-07-16, endDate=2021-07-23}}, book=Book{id=192, name='Lord of the rings', author=BookAuthor{id=128, name='Tolkien'}, genre=FANTASY, date=2021-06-29, pagesAmount=200, copiesAmount=1, description='Fantasy about hobbits', likesAmount=0, commentsAmount=2}, date=2021-07-21, text='Test text for test'} 
21.07.2021 19:21:31 [main] INFO  SimpleCommentService - findByBook() Comments by book Lord of the rings was found size = 2
21.07.2021 19:21:31 [main] INFO  SimpleCommentService - delete() Comment with id 371 was deleted
